  [1m[35m (396.0ms)[0m  [1m[35mCREATE DATABASE "mp_development" ENCODING = 'unicode'[0m
  [1m[35m (182.6ms)[0m  [1m[35mCREATE DATABASE "mp_test" ENCODING = 'unicode'[0m
  [1m[35m (52.7ms)[0m  [1m[35mCREATE TABLE "schema_migrations" ("version" character varying NOT NULL PRIMARY KEY)[0m
  [1m[35m (47.2ms)[0m  [1m[35mCREATE TABLE "ar_internal_metadata" ("key" character varying NOT NULL PRIMARY KEY, "value" character varying, "created_at" timestamp(6) NOT NULL, "updated_at" timestamp(6) NOT NULL)[0m
  [1m[35m (0.6ms)[0m  [1m[34mSELECT pg_try_advisory_lock(6264593022525104610)[0m
  [1m[35m (1.0ms)[0m  [1m[34mSELECT "schema_migrations"."version" FROM "schema_migrations" ORDER BY "schema_migrations"."version" ASC[0m
Migrating to CreateEvents (20200603165907)
  [1m[35m (3.7ms)[0m  [1m[35mBEGIN[0m
  [1m[35m (37.7ms)[0m  [1m[35mCREATE TABLE "events" ("id" bigserial primary key, "party_size" integer, "date_time" timestamp, "occasion" character varying, "chef_id" integer, "customer_id" integer, "isApproved" boolean, "created_at" timestamp(6) NOT NULL, "updated_at" timestamp(6) NOT NULL)[0m
  [1m[36mprimary::SchemaMigration Create (0.9ms)[0m  [1m[32mINSERT INTO "schema_migrations" ("version") VALUES ($1) RETURNING "version"[0m  [["version", "20200603165907"]]
  [1m[35m (5.4ms)[0m  [1m[35mCOMMIT[0m
Migrating to CreateUsers (20200603165928)
  [1m[35m (41.0ms)[0m  [1m[35mBEGIN[0m
  [1m[35m (26.5ms)[0m  [1m[35mCREATE TABLE "users" ("id" bigserial primary key, "name" character varying, "email" character varying, "password_digest" character varying, "img" character varying, "about" text, "is_chef" boolean, "created_at" timestamp(6) NOT NULL, "updated_at" timestamp(6) NOT NULL)[0m
  [1m[36mprimary::SchemaMigration Create (0.7ms)[0m  [1m[32mINSERT INTO "schema_migrations" ("version") VALUES ($1) RETURNING "version"[0m  [["version", "20200603165928"]]
  [1m[35m (7.8ms)[0m  [1m[35mCOMMIT[0m
Migrating to CreateDishes (20200603165937)
  [1m[35m (45.4ms)[0m  [1m[35mBEGIN[0m
  [1m[35m (44.1ms)[0m  [1m[35mCREATE TABLE "dishes" ("id" bigserial primary key, "name" character varying, "cuisine" character varying, "img" character varying, "description" character varying, "chef_id" integer, "created_at" timestamp(6) NOT NULL, "updated_at" timestamp(6) NOT NULL)[0m
  [1m[36mprimary::SchemaMigration Create (6.7ms)[0m  [1m[32mINSERT INTO "schema_migrations" ("version") VALUES ($1) RETURNING "version"[0m  [["version", "20200603165937"]]
  [1m[35m (1.3ms)[0m  [1m[35mCOMMIT[0m
  [1m[36mActiveRecord::InternalMetadata Load (0.8ms)[0m  [1m[34mSELECT "ar_internal_metadata".* FROM "ar_internal_metadata" WHERE "ar_internal_metadata"."key" = $1 LIMIT $2[0m  [["key", "environment"], ["LIMIT", 1]]
  [1m[35m (0.2ms)[0m  [1m[35mBEGIN[0m
  [1m[36mActiveRecord::InternalMetadata Create (2.1ms)[0m  [1m[32mINSERT INTO "ar_internal_metadata" ("key", "value", "created_at", "updated_at") VALUES ($1, $2, $3, $4) RETURNING "key"[0m  [["key", "environment"], ["value", "development"], ["created_at", "2020-06-03 17:05:50.031178"], ["updated_at", "2020-06-03 17:05:50.031178"]]
  [1m[35m (3.1ms)[0m  [1m[35mCOMMIT[0m
  [1m[35m (0.7ms)[0m  [1m[34mSELECT pg_advisory_unlock(6264593022525104610)[0m
  [1m[35m (2.0ms)[0m  [1m[34mSELECT "schema_migrations"."version" FROM "schema_migrations" ORDER BY "schema_migrations"."version" ASC[0m
  [1m[35m (1.4ms)[0m  [1m[34mSELECT "schema_migrations"."version" FROM "schema_migrations" ORDER BY "schema_migrations"."version" ASC[0m
  [1m[35m (1.0ms)[0m  [1m[34mSELECT "schema_migrations"."version" FROM "schema_migrations" ORDER BY "schema_migrations"."version" ASC[0m
  [1m[35m (0.5ms)[0m  [1m[34mSELECT "ar_internal_metadata"."value" FROM "ar_internal_metadata" WHERE "ar_internal_metadata"."key" = $1[0m  [["key", "environment"]]
  [1m[35m (0.3ms)[0m  [1m[34mSELECT "schema_migrations"."version" FROM "schema_migrations" ORDER BY "schema_migrations"."version" ASC[0m
  [1m[35m (0.3ms)[0m  [1m[34mSELECT "ar_internal_metadata"."value" FROM "ar_internal_metadata" WHERE "ar_internal_metadata"."key" = $1[0m  [["key", "environment"]]
  [1m[35m (1.5ms)[0m  [1m[34mSELECT "schema_migrations"."version" FROM "schema_migrations" ORDER BY "schema_migrations"."version" ASC[0m
  [1m[35m (0.4ms)[0m  [1m[34mSELECT "ar_internal_metadata"."value" FROM "ar_internal_metadata" WHERE "ar_internal_metadata"."key" = $1[0m  [["key", "environment"]]
  [1m[35m (87.2ms)[0m  [1m[35mDROP DATABASE IF EXISTS "mp_development"[0m
  [1m[35m (56.1ms)[0m  [1m[35mDROP DATABASE IF EXISTS "mp_test"[0m
  [1m[35m (136.3ms)[0m  [1m[35mCREATE DATABASE "mp_development" ENCODING = 'unicode'[0m
  [1m[35m (217.9ms)[0m  [1m[35mCREATE DATABASE "mp_test" ENCODING = 'unicode'[0m
  [1m[35m (10.3ms)[0m  [1m[35mCREATE TABLE "schema_migrations" ("version" character varying NOT NULL PRIMARY KEY)[0m
  [1m[35m (6.0ms)[0m  [1m[35mCREATE TABLE "ar_internal_metadata" ("key" character varying NOT NULL PRIMARY KEY, "value" character varying, "created_at" timestamp(6) NOT NULL, "updated_at" timestamp(6) NOT NULL)[0m
  [1m[35m (0.4ms)[0m  [1m[34mSELECT pg_try_advisory_lock(6264593022525104610)[0m
  [1m[35m (0.8ms)[0m  [1m[34mSELECT "schema_migrations"."version" FROM "schema_migrations" ORDER BY "schema_migrations"."version" ASC[0m
Migrating to CreateEvents (20200603165907)
  [1m[35m (0.6ms)[0m  [1m[35mBEGIN[0m
  [1m[35m (50.3ms)[0m  [1m[35mCREATE TABLE "events" ("id" bigserial primary key, "party_size" integer, "date_time" timestamp, "occasion" character varying, "chef_id" integer, "customer_id" integer, "isApproved" boolean DEFAULT FALSE, "created_at" timestamp(6) NOT NULL, "updated_at" timestamp(6) NOT NULL)[0m
  [1m[36mprimary::SchemaMigration Create (2.3ms)[0m  [1m[32mINSERT INTO "schema_migrations" ("version") VALUES ($1) RETURNING "version"[0m  [["version", "20200603165907"]]
  [1m[35m (1.9ms)[0m  [1m[35mCOMMIT[0m
Migrating to CreateUsers (20200603165928)
  [1m[35m (44.0ms)[0m  [1m[35mBEGIN[0m
  [1m[35m (6.7ms)[0m  [1m[35mCREATE TABLE "users" ("id" bigserial primary key, "name" character varying, "email" character varying, "password_digest" character varying, "img" character varying, "about" text, "is_chef" boolean DEFAULT FALSE, "created_at" timestamp(6) NOT NULL, "updated_at" timestamp(6) NOT NULL)[0m
  [1m[36mprimary::SchemaMigration Create (0.5ms)[0m  [1m[32mINSERT INTO "schema_migrations" ("version") VALUES ($1) RETURNING "version"[0m  [["version", "20200603165928"]]
  [1m[35m (1.4ms)[0m  [1m[35mCOMMIT[0m
Migrating to CreateDishes (20200603165937)
  [1m[35m (7.0ms)[0m  [1m[35mBEGIN[0m
  [1m[35m (31.2ms)[0m  [1m[35mCREATE TABLE "dishes" ("id" bigserial primary key, "name" character varying, "cuisine" character varying, "img" character varying, "description" character varying, "chef_id" integer, "created_at" timestamp(6) NOT NULL, "updated_at" timestamp(6) NOT NULL)[0m
  [1m[36mprimary::SchemaMigration Create (0.9ms)[0m  [1m[32mINSERT INTO "schema_migrations" ("version") VALUES ($1) RETURNING "version"[0m  [["version", "20200603165937"]]
  [1m[35m (7.7ms)[0m  [1m[35mCOMMIT[0m
  [1m[36mActiveRecord::InternalMetadata Load (0.5ms)[0m  [1m[34mSELECT "ar_internal_metadata".* FROM "ar_internal_metadata" WHERE "ar_internal_metadata"."key" = $1 LIMIT $2[0m  [["key", "environment"], ["LIMIT", 1]]
  [1m[35m (0.2ms)[0m  [1m[35mBEGIN[0m
  [1m[36mActiveRecord::InternalMetadata Create (0.7ms)[0m  [1m[32mINSERT INTO "ar_internal_metadata" ("key", "value", "created_at", "updated_at") VALUES ($1, $2, $3, $4) RETURNING "key"[0m  [["key", "environment"], ["value", "development"], ["created_at", "2020-06-03 17:11:44.374576"], ["updated_at", "2020-06-03 17:11:44.374576"]]
  [1m[35m (1.8ms)[0m  [1m[35mCOMMIT[0m
  [1m[35m (0.4ms)[0m  [1m[34mSELECT pg_advisory_unlock(6264593022525104610)[0m
  [1m[35m (2.0ms)[0m  [1m[34mSELECT "schema_migrations"."version" FROM "schema_migrations" ORDER BY "schema_migrations"."version" ASC[0m
  [1m[35m (1.4ms)[0m  [1m[34mSELECT "schema_migrations"."version" FROM "schema_migrations" ORDER BY "schema_migrations"."version" ASC[0m
  [1m[35m (0.6ms)[0m  [1m[34mSELECT "ar_internal_metadata"."value" FROM "ar_internal_metadata" WHERE "ar_internal_metadata"."key" = $1[0m  [["key", "environment"]]
  [1m[35m (0.4ms)[0m  [1m[34mSELECT "schema_migrations"."version" FROM "schema_migrations" ORDER BY "schema_migrations"."version" ASC[0m
  [1m[35m (0.7ms)[0m  [1m[34mSELECT "ar_internal_metadata"."value" FROM "ar_internal_metadata" WHERE "ar_internal_metadata"."key" = $1[0m  [["key", "environment"]]
  [1m[35m (0.4ms)[0m  [1m[34mSELECT "schema_migrations"."version" FROM "schema_migrations" ORDER BY "schema_migrations"."version" ASC[0m
  [1m[35m (0.3ms)[0m  [1m[34mSELECT "ar_internal_metadata"."value" FROM "ar_internal_metadata" WHERE "ar_internal_metadata"."key" = $1[0m  [["key", "environment"]]
  [1m[35m (103.7ms)[0m  [1m[35mDROP DATABASE IF EXISTS "mp_development"[0m
  [1m[35m (52.6ms)[0m  [1m[35mDROP DATABASE IF EXISTS "mp_test"[0m
  [1m[35m (103.5ms)[0m  [1m[35mCREATE DATABASE "mp_development" ENCODING = 'unicode'[0m
  [1m[35m (132.4ms)[0m  [1m[35mCREATE DATABASE "mp_test" ENCODING = 'unicode'[0m
  [1m[35m (9.9ms)[0m  [1m[35mCREATE TABLE "schema_migrations" ("version" character varying NOT NULL PRIMARY KEY)[0m
  [1m[35m (7.1ms)[0m  [1m[35mCREATE TABLE "ar_internal_metadata" ("key" character varying NOT NULL PRIMARY KEY, "value" character varying, "created_at" timestamp(6) NOT NULL, "updated_at" timestamp(6) NOT NULL)[0m
  [1m[35m (0.5ms)[0m  [1m[34mSELECT pg_try_advisory_lock(6264593022525104610)[0m
  [1m[35m (1.1ms)[0m  [1m[34mSELECT "schema_migrations"."version" FROM "schema_migrations" ORDER BY "schema_migrations"."version" ASC[0m
Migrating to CreateEvents (20200603165907)
  [1m[35m (0.2ms)[0m  [1m[35mBEGIN[0m
  [1m[35m (19.8ms)[0m  [1m[35mCREATE TABLE "events" ("id" bigserial primary key, "party_size" integer, "date_time" timestamp, "occasion" character varying, "chef_id" integer, "customer_id" integer, "isApproved" boolean DEFAULT FALSE, "created_at" timestamp(6) NOT NULL, "updated_at" timestamp(6) NOT NULL)[0m
  [1m[36mprimary::SchemaMigration Create (1.2ms)[0m  [1m[32mINSERT INTO "schema_migrations" ("version") VALUES ($1) RETURNING "version"[0m  [["version", "20200603165907"]]
  [1m[35m (2.1ms)[0m  [1m[35mCOMMIT[0m
Migrating to CreateUsers (20200603165928)
  [1m[35m (40.7ms)[0m  [1m[35mBEGIN[0m
  [1m[35m (10.7ms)[0m  [1m[35mCREATE TABLE "users" ("id" bigserial primary key, "name" character varying, "email" character varying, "password_digest" character varying, "img" character varying DEFAULT 'https://voxpopulii.in/system/static/dashboard/img/default_user.png', "about" text, "is_chef" boolean DEFAULT FALSE, "created_at" timestamp(6) NOT NULL, "updated_at" timestamp(6) NOT NULL)[0m
  [1m[36mprimary::SchemaMigration Create (0.7ms)[0m  [1m[32mINSERT INTO "schema_migrations" ("version") VALUES ($1) RETURNING "version"[0m  [["version", "20200603165928"]]
  [1m[35m (1.8ms)[0m  [1m[35mCOMMIT[0m
Migrating to CreateDishes (20200603165937)
  [1m[35m (41.6ms)[0m  [1m[35mBEGIN[0m
  [1m[35m (10.9ms)[0m  [1m[35mCREATE TABLE "dishes" ("id" bigserial primary key, "name" character varying, "cuisine" character varying, "img" character varying DEFAULT 'https://cdn2.iconfinder.com/data/icons/food-restaurant-1/128/flat-15-512.png', "description" character varying, "chef_id" integer, "created_at" timestamp(6) NOT NULL, "updated_at" timestamp(6) NOT NULL)[0m
  [1m[36mprimary::SchemaMigration Create (0.5ms)[0m  [1m[32mINSERT INTO "schema_migrations" ("version") VALUES ($1) RETURNING "version"[0m  [["version", "20200603165937"]]
  [1m[35m (5.6ms)[0m  [1m[35mCOMMIT[0m
  [1m[36mActiveRecord::InternalMetadata Load (0.5ms)[0m  [1m[34mSELECT "ar_internal_metadata".* FROM "ar_internal_metadata" WHERE "ar_internal_metadata"."key" = $1 LIMIT $2[0m  [["key", "environment"], ["LIMIT", 1]]
  [1m[35m (0.2ms)[0m  [1m[35mBEGIN[0m
  [1m[36mActiveRecord::InternalMetadata Create (1.4ms)[0m  [1m[32mINSERT INTO "ar_internal_metadata" ("key", "value", "created_at", "updated_at") VALUES ($1, $2, $3, $4) RETURNING "key"[0m  [["key", "environment"], ["value", "development"], ["created_at", "2020-06-03 17:14:43.500231"], ["updated_at", "2020-06-03 17:14:43.500231"]]
  [1m[35m (1.2ms)[0m  [1m[35mCOMMIT[0m
  [1m[35m (0.4ms)[0m  [1m[34mSELECT pg_advisory_unlock(6264593022525104610)[0m
  [1m[35m (2.0ms)[0m  [1m[34mSELECT "schema_migrations"."version" FROM "schema_migrations" ORDER BY "schema_migrations"."version" ASC[0m
  [1m[35m (0.4ms)[0m  [1m[34mSELECT pg_try_advisory_lock(6264593022525104610)[0m
  [1m[35m (1.1ms)[0m  [1m[34mSELECT "schema_migrations"."version" FROM "schema_migrations" ORDER BY "schema_migrations"."version" ASC[0m
  [1m[36mActiveRecord::InternalMetadata Load (0.8ms)[0m  [1m[34mSELECT "ar_internal_metadata".* FROM "ar_internal_metadata" WHERE "ar_internal_metadata"."key" = $1 LIMIT $2[0m  [["key", "environment"], ["LIMIT", 1]]
  [1m[35m (0.5ms)[0m  [1m[34mSELECT pg_advisory_unlock(6264593022525104610)[0m
  [1m[35m (1.5ms)[0m  [1m[34mSELECT "schema_migrations"."version" FROM "schema_migrations" ORDER BY "schema_migrations"."version" ASC[0m
  [1m[35m (1.5ms)[0m  [1m[34mSELECT "schema_migrations"."version" FROM "schema_migrations" ORDER BY "schema_migrations"."version" ASC[0m
  [1m[36mUser Load (1.5ms)[0m  [1m[34mSELECT "users".* FROM "users"[0m
  [1m[36mEvent Load (0.9ms)[0m  [1m[34mSELECT "events".* FROM "events"[0m
  [1m[36mDish Load (0.7ms)[0m  [1m[34mSELECT "dishes".* FROM "dishes"[0m
  [1m[35m (0.2ms)[0m  [1m[35mBEGIN[0m
  [1m[36mUser Create (1.3ms)[0m  [1m[32mINSERT INTO "users" ("name", "email", "password_digest", "about", "created_at", "updated_at") VALUES ($1, $2, $3, $4, $5, $6) RETURNING "id"[0m  [["name", "Lola"], ["email", "@mail.com"], ["password_digest", "pass"], ["about", "I am a human being"], ["created_at", "2020-06-03 17:17:22.256184"], ["updated_at", "2020-06-03 17:17:22.256184"]]
  [1m[35m (1.3ms)[0m  [1m[35mCOMMIT[0m
  [1m[35m (0.4ms)[0m  [1m[35mBEGIN[0m
  [1m[36mUser Create (0.7ms)[0m  [1m[32mINSERT INTO "users" ("name", "email", "password_digest", "about", "created_at", "updated_at") VALUES ($1, $2, $3, $4, $5, $6) RETURNING "id"[0m  [["name", "Mary"], ["email", "@mail.com"], ["password_digest", "pass"], ["about", "I am a human being"], ["created_at", "2020-06-03 17:17:22.265051"], ["updated_at", "2020-06-03 17:17:22.265051"]]
  [1m[35m (1.3ms)[0m  [1m[35mCOMMIT[0m
  [1m[35m (0.2ms)[0m  [1m[35mBEGIN[0m
  [1m[36mUser Create (0.5ms)[0m  [1m[32mINSERT INTO "users" ("name", "email", "password_digest", "about", "is_chef", "created_at", "updated_at") VALUES ($1, $2, $3, $4, $5, $6, $7) RETURNING "id"[0m  [["name", "Francois"], ["email", "@mail.com"], ["password_digest", "pass"], ["about", "I am a human being"], ["is_chef", true], ["created_at", "2020-06-03 17:17:22.271567"], ["updated_at", "2020-06-03 17:17:22.271567"]]
  [1m[35m (1.5ms)[0m  [1m[35mCOMMIT[0m
  [1m[35m (0.3ms)[0m  [1m[35mBEGIN[0m
  [1m[36mUser Create (0.9ms)[0m  [1m[32mINSERT INTO "users" ("name", "email", "password_digest", "about", "is_chef", "created_at", "updated_at") VALUES ($1, $2, $3, $4, $5, $6, $7) RETURNING "id"[0m  [["name", "Dave"], ["email", "@mail.com"], ["password_digest", "pass"], ["about", "I am a human being"], ["is_chef", true], ["created_at", "2020-06-03 17:17:22.279798"], ["updated_at", "2020-06-03 17:17:22.279798"]]
  [1m[35m (1.3ms)[0m  [1m[35mCOMMIT[0m
  [1m[36mUser Load (0.6ms)[0m  [1m[34mSELECT "users".* FROM "users" LIMIT $1[0m  [["LIMIT", 11]]
  [1m[36mUser Load (0.5ms)[0m  [1m[34mSELECT "users".* FROM "users" ORDER BY "users"."id" ASC LIMIT $1[0m  [["LIMIT", 1]]
  [1m[35m (3.3ms)[0m  [1m[34mSELECT "schema_migrations"."version" FROM "schema_migrations" ORDER BY "schema_migrations"."version" ASC[0m
  [1m[36mUser Load (0.8ms)[0m  [1m[34mSELECT "users".* FROM "users"[0m
  [1m[35m (0.2ms)[0m  [1m[35mBEGIN[0m
  [1m[36mUser Destroy (0.8ms)[0m  [1m[31mDELETE FROM "users" WHERE "users"."id" = $1[0m  [["id", 1]]
  [1m[35m (1.5ms)[0m  [1m[35mCOMMIT[0m
  [1m[35m (0.2ms)[0m  [1m[35mBEGIN[0m
  [1m[36mUser Destroy (0.8ms)[0m  [1m[31mDELETE FROM "users" WHERE "users"."id" = $1[0m  [["id", 2]]
  [1m[35m (1.9ms)[0m  [1m[35mCOMMIT[0m
  [1m[35m (0.2ms)[0m  [1m[35mBEGIN[0m
  [1m[36mUser Destroy (0.4ms)[0m  [1m[31mDELETE FROM "users" WHERE "users"."id" = $1[0m  [["id", 3]]
  [1m[35m (1.4ms)[0m  [1m[35mCOMMIT[0m
  [1m[35m (0.2ms)[0m  [1m[35mBEGIN[0m
  [1m[36mUser Destroy (0.8ms)[0m  [1m[31mDELETE FROM "users" WHERE "users"."id" = $1[0m  [["id", 4]]
  [1m[35m (1.4ms)[0m  [1m[35mCOMMIT[0m
  [1m[36mEvent Load (0.9ms)[0m  [1m[34mSELECT "events".* FROM "events"[0m
  [1m[36mDish Load (0.8ms)[0m  [1m[34mSELECT "dishes".* FROM "dishes"[0m
  [1m[35m (0.2ms)[0m  [1m[35mBEGIN[0m
  [1m[36mUser Create (1.1ms)[0m  [1m[32mINSERT INTO "users" ("name", "email", "password_digest", "about", "created_at", "updated_at") VALUES ($1, $2, $3, $4, $5, $6) RETURNING "id"[0m  [["name", "Lola"], ["email", "lola@mail.com"], ["password_digest", "pass"], ["about", "I am a human being"], ["created_at", "2020-06-03 17:18:05.493479"], ["updated_at", "2020-06-03 17:18:05.493479"]]
  [1m[35m (3.9ms)[0m  [1m[35mCOMMIT[0m
  [1m[35m (0.6ms)[0m  [1m[35mBEGIN[0m
  [1m[36mUser Create (0.5ms)[0m  [1m[32mINSERT INTO "users" ("name", "email", "password_digest", "about", "created_at", "updated_at") VALUES ($1, $2, $3, $4, $5, $6) RETURNING "id"[0m  [["name", "Mary"], ["email", "mary@mail.com"], ["password_digest", "pass"], ["about", "I am a human being"], ["created_at", "2020-06-03 17:18:05.510551"], ["updated_at", "2020-06-03 17:18:05.510551"]]
  [1m[35m (1.2ms)[0m  [1m[35mCOMMIT[0m
  [1m[35m (2.6ms)[0m  [1m[35mBEGIN[0m
  [1m[36mUser Create (0.4ms)[0m  [1m[32mINSERT INTO "users" ("name", "email", "password_digest", "about", "is_chef", "created_at", "updated_at") VALUES ($1, $2, $3, $4, $5, $6, $7) RETURNING "id"[0m  [["name", "Francois"], ["email", "fran@mail.com"], ["password_digest", "pass"], ["about", "I am a human being"], ["is_chef", true], ["created_at", "2020-06-03 17:18:05.517205"], ["updated_at", "2020-06-03 17:18:05.517205"]]
  [1m[35m (1.2ms)[0m  [1m[35mCOMMIT[0m
  [1m[35m (0.2ms)[0m  [1m[35mBEGIN[0m
  [1m[36mUser Create (0.5ms)[0m  [1m[32mINSERT INTO "users" ("name", "email", "password_digest", "about", "is_chef", "created_at", "updated_at") VALUES ($1, $2, $3, $4, $5, $6, $7) RETURNING "id"[0m  [["name", "Dave"], ["email", "dave@mail.com"], ["password_digest", "pass"], ["about", "I am a human being"], ["is_chef", true], ["created_at", "2020-06-03 17:18:05.525580"], ["updated_at", "2020-06-03 17:18:05.525580"]]
  [1m[35m (1.2ms)[0m  [1m[35mCOMMIT[0m
  [1m[36mUser Load (0.8ms)[0m  [1m[34mSELECT "users".* FROM "users" ORDER BY "users"."id" ASC LIMIT $1[0m  [["LIMIT", 1]]
  [1m[36mUser Load (3.0ms)[0m  [1m[34mSELECT "users".* FROM "users" ORDER BY "users"."id" DESC LIMIT $1[0m  [["LIMIT", 1]]
  [1m[36mEvent Load (1.7ms)[0m  [1m[34mSELECT "events".* FROM "events" LIMIT $1[0m  [["LIMIT", 11]]
  [1m[35m (3.8ms)[0m  [1m[34mSELECT "schema_migrations"."version" FROM "schema_migrations" ORDER BY "schema_migrations"."version" ASC[0m
  [1m[35m (0.6ms)[0m  [1m[34mSELECT "ar_internal_metadata"."value" FROM "ar_internal_metadata" WHERE "ar_internal_metadata"."key" = $1[0m  [["key", "environment"]]
  [1m[35m (0.6ms)[0m  [1m[34mSELECT "schema_migrations"."version" FROM "schema_migrations" ORDER BY "schema_migrations"."version" ASC[0m
  [1m[35m (0.3ms)[0m  [1m[34mSELECT "ar_internal_metadata"."value" FROM "ar_internal_metadata" WHERE "ar_internal_metadata"."key" = $1[0m  [["key", "environment"]]
  [1m[35m (0.3ms)[0m  [1m[34mSELECT "schema_migrations"."version" FROM "schema_migrations" ORDER BY "schema_migrations"."version" ASC[0m
  [1m[35m (0.5ms)[0m  [1m[34mSELECT "ar_internal_metadata"."value" FROM "ar_internal_metadata" WHERE "ar_internal_metadata"."key" = $1[0m  [["key", "environment"]]
  [1m[35m (120.9ms)[0m  [1m[35mDROP DATABASE IF EXISTS "mp_development"[0m
  [1m[35m (117.5ms)[0m  [1m[35mDROP DATABASE IF EXISTS "mp_test"[0m
  [1m[35m (199.7ms)[0m  [1m[35mCREATE DATABASE "mp_development" ENCODING = 'unicode'[0m
  [1m[35m (216.9ms)[0m  [1m[35mCREATE DATABASE "mp_test" ENCODING = 'unicode'[0m
  [1m[35m (15.3ms)[0m  [1m[35mCREATE TABLE "schema_migrations" ("version" character varying NOT NULL PRIMARY KEY)[0m
  [1m[35m (8.1ms)[0m  [1m[35mCREATE TABLE "ar_internal_metadata" ("key" character varying NOT NULL PRIMARY KEY, "value" character varying, "created_at" timestamp(6) NOT NULL, "updated_at" timestamp(6) NOT NULL)[0m
  [1m[35m (0.5ms)[0m  [1m[34mSELECT pg_try_advisory_lock(6264593022525104610)[0m
  [1m[35m (0.8ms)[0m  [1m[34mSELECT "schema_migrations"."version" FROM "schema_migrations" ORDER BY "schema_migrations"."version" ASC[0m
Migrating to CreateEvents (20200603165907)
  [1m[35m (0.2ms)[0m  [1m[35mBEGIN[0m
  [1m[35m (15.7ms)[0m  [1m[35mCREATE TABLE "events" ("id" bigserial primary key, "party_size" integer, "date_time" timestamp, "occasion" character varying, "chef_id" integer, "customer_id" integer, "isApproved" boolean DEFAULT FALSE, "created_at" timestamp(6) NOT NULL, "updated_at" timestamp(6) NOT NULL)[0m
  [1m[36mprimary::SchemaMigration Create (0.6ms)[0m  [1m[32mINSERT INTO "schema_migrations" ("version") VALUES ($1) RETURNING "version"[0m  [["version", "20200603165907"]]
  [1m[35m (1.5ms)[0m  [1m[35mCOMMIT[0m
Migrating to CreateUsers (20200603165928)
  [1m[35m (41.5ms)[0m  [1m[35mBEGIN[0m
  [1m[35m (10.6ms)[0m  [1m[35mCREATE TABLE "users" ("id" bigserial primary key, "name" character varying, "email" character varying, "password_digest" character varying, "img" character varying DEFAULT 'https://voxpopulii.in/system/static/dashboard/img/default_user.png', "about" text, "is_chef" boolean DEFAULT FALSE, "created_at" timestamp(6) NOT NULL, "updated_at" timestamp(6) NOT NULL)[0m
  [1m[36mprimary::SchemaMigration Create (0.6ms)[0m  [1m[32mINSERT INTO "schema_migrations" ("version") VALUES ($1) RETURNING "version"[0m  [["version", "20200603165928"]]
  [1m[35m (3.1ms)[0m  [1m[35mCOMMIT[0m
Migrating to CreateDishes (20200603165937)
  [1m[35m (43.0ms)[0m  [1m[35mBEGIN[0m
  [1m[35m (8.1ms)[0m  [1m[35mCREATE TABLE "dishes" ("id" bigserial primary key, "name" character varying, "cuisine" character varying, "img" character varying DEFAULT 'https://cdn2.iconfinder.com/data/icons/food-restaurant-1/128/flat-15-512.png', "description" character varying, "chef_id" integer, "created_at" timestamp(6) NOT NULL, "updated_at" timestamp(6) NOT NULL)[0m
  [1m[36mprimary::SchemaMigration Create (4.6ms)[0m  [1m[32mINSERT INTO "schema_migrations" ("version") VALUES ($1) RETURNING "version"[0m  [["version", "20200603165937"]]
  [1m[35m (12.7ms)[0m  [1m[35mCOMMIT[0m
  [1m[36mActiveRecord::InternalMetadata Load (1.5ms)[0m  [1m[34mSELECT "ar_internal_metadata".* FROM "ar_internal_metadata" WHERE "ar_internal_metadata"."key" = $1 LIMIT $2[0m  [["key", "environment"], ["LIMIT", 1]]
  [1m[35m (0.5ms)[0m  [1m[35mBEGIN[0m
  [1m[36mActiveRecord::InternalMetadata Create (1.1ms)[0m  [1m[32mINSERT INTO "ar_internal_metadata" ("key", "value", "created_at", "updated_at") VALUES ($1, $2, $3, $4) RETURNING "key"[0m  [["key", "environment"], ["value", "development"], ["created_at", "2020-06-03 19:23:47.524513"], ["updated_at", "2020-06-03 19:23:47.524513"]]
  [1m[35m (2.1ms)[0m  [1m[35mCOMMIT[0m
  [1m[35m (0.4ms)[0m  [1m[34mSELECT pg_advisory_unlock(6264593022525104610)[0m
  [1m[35m (10.3ms)[0m  [1m[34mSELECT "schema_migrations"."version" FROM "schema_migrations" ORDER BY "schema_migrations"."version" ASC[0m
  [1m[35m (3.6ms)[0m  [1m[34mSELECT "schema_migrations"."version" FROM "schema_migrations" ORDER BY "schema_migrations"."version" ASC[0m
  [1m[35m (0.5ms)[0m  [1m[34mSELECT "ar_internal_metadata"."value" FROM "ar_internal_metadata" WHERE "ar_internal_metadata"."key" = $1[0m  [["key", "environment"]]
  [1m[35m (0.6ms)[0m  [1m[34mSELECT "schema_migrations"."version" FROM "schema_migrations" ORDER BY "schema_migrations"."version" ASC[0m
  [1m[35m (0.3ms)[0m  [1m[34mSELECT "ar_internal_metadata"."value" FROM "ar_internal_metadata" WHERE "ar_internal_metadata"."key" = $1[0m  [["key", "environment"]]
  [1m[35m (0.4ms)[0m  [1m[34mSELECT "schema_migrations"."version" FROM "schema_migrations" ORDER BY "schema_migrations"."version" ASC[0m
  [1m[35m (0.4ms)[0m  [1m[34mSELECT "ar_internal_metadata"."value" FROM "ar_internal_metadata" WHERE "ar_internal_metadata"."key" = $1[0m  [["key", "environment"]]
  [1m[35m (64.8ms)[0m  [1m[35mDROP DATABASE IF EXISTS "mp_development"[0m
  [1m[35m (51.0ms)[0m  [1m[35mDROP DATABASE IF EXISTS "mp_test"[0m
  [1m[35m (0.2ms)[0m  [1m[35mDROP DATABASE IF EXISTS "mp_development"[0m
  [1m[35m (0.7ms)[0m  [1m[35mDROP DATABASE IF EXISTS "mp_test"[0m
  [1m[35m (241.5ms)[0m  [1m[35mCREATE DATABASE "mp_development" ENCODING = 'unicode'[0m
  [1m[35m (233.2ms)[0m  [1m[35mCREATE DATABASE "mp_test" ENCODING = 'unicode'[0m
  [1m[35m (11.4ms)[0m  [1m[35mCREATE TABLE "schema_migrations" ("version" character varying NOT NULL PRIMARY KEY)[0m
  [1m[35m (8.7ms)[0m  [1m[35mCREATE TABLE "ar_internal_metadata" ("key" character varying NOT NULL PRIMARY KEY, "value" character varying, "created_at" timestamp(6) NOT NULL, "updated_at" timestamp(6) NOT NULL)[0m
  [1m[35m (0.7ms)[0m  [1m[34mSELECT pg_try_advisory_lock(6264593022525104610)[0m
  [1m[35m (1.0ms)[0m  [1m[34mSELECT "schema_migrations"."version" FROM "schema_migrations" ORDER BY "schema_migrations"."version" ASC[0m
Migrating to CreateEvents (20200603165907)
  [1m[35m (0.3ms)[0m  [1m[35mBEGIN[0m
  [1m[35m (31.4ms)[0m  [1m[35mCREATE TABLE "events" ("id" bigserial primary key, "party_size" integer, "date_time" timestamp, "occasion" character varying, "chef_id" integer, "customer_id" integer, "isApproved" boolean DEFAULT FALSE, "created_at" timestamp(6) NOT NULL, "updated_at" timestamp(6) NOT NULL)[0m
  [1m[36mprimary::SchemaMigration Create (0.9ms)[0m  [1m[32mINSERT INTO "schema_migrations" ("version") VALUES ($1) RETURNING "version"[0m  [["version", "20200603165907"]]
  [1m[35m (1.3ms)[0m  [1m[35mCOMMIT[0m
Migrating to CreateUsers (20200603165928)
  [1m[35m (0.6ms)[0m  [1m[35mBEGIN[0m
  [1m[35m (25.6ms)[0m  [1m[35mCREATE TABLE "users" ("id" bigserial primary key, "name" character varying, "email" character varying, "password_digest" character varying, "img" character varying DEFAULT 'https://voxpopulii.in/system/static/dashboard/img/default_user.png', "about" text, "is_chef" boolean DEFAULT FALSE, "created_at" timestamp(6) NOT NULL, "updated_at" timestamp(6) NOT NULL)[0m
  [1m[36mprimary::SchemaMigration Create (0.6ms)[0m  [1m[32mINSERT INTO "schema_migrations" ("version") VALUES ($1) RETURNING "version"[0m  [["version", "20200603165928"]]
  [1m[35m (11.7ms)[0m  [1m[35mCOMMIT[0m
Migrating to CreateDishes (20200603165937)
  [1m[35m (0.4ms)[0m  [1m[35mBEGIN[0m
  [1m[35m (32.1ms)[0m  [1m[35mCREATE TABLE "dishes" ("id" bigserial primary key, "name" character varying, "cuisine" character varying, "img" character varying DEFAULT 'https://cdn2.iconfinder.com/data/icons/food-restaurant-1/128/flat-15-512.png', "description" character varying, "chef_id" integer, "created_at" timestamp(6) NOT NULL, "updated_at" timestamp(6) NOT NULL)[0m
  [1m[36mprimary::SchemaMigration Create (0.4ms)[0m  [1m[32mINSERT INTO "schema_migrations" ("version") VALUES ($1) RETURNING "version"[0m  [["version", "20200603165937"]]
  [1m[35m (12.4ms)[0m  [1m[35mCOMMIT[0m
  [1m[36mActiveRecord::InternalMetadata Load (0.7ms)[0m  [1m[34mSELECT "ar_internal_metadata".* FROM "ar_internal_metadata" WHERE "ar_internal_metadata"."key" = $1 LIMIT $2[0m  [["key", "environment"], ["LIMIT", 1]]
  [1m[35m (0.3ms)[0m  [1m[35mBEGIN[0m
  [1m[36mActiveRecord::InternalMetadata Create (0.9ms)[0m  [1m[32mINSERT INTO "ar_internal_metadata" ("key", "value", "created_at", "updated_at") VALUES ($1, $2, $3, $4) RETURNING "key"[0m  [["key", "environment"], ["value", "development"], ["created_at", "2020-06-03 19:26:30.058691"], ["updated_at", "2020-06-03 19:26:30.058691"]]
  [1m[35m (4.4ms)[0m  [1m[35mCOMMIT[0m
  [1m[35m (0.6ms)[0m  [1m[34mSELECT pg_advisory_unlock(6264593022525104610)[0m
  [1m[35m (2.5ms)[0m  [1m[34mSELECT "schema_migrations"."version" FROM "schema_migrations" ORDER BY "schema_migrations"."version" ASC[0m
  [1m[35m (2.1ms)[0m  [1m[34mSELECT "schema_migrations"."version" FROM "schema_migrations" ORDER BY "schema_migrations"."version" ASC[0m
  [1m[35m (0.6ms)[0m  [1m[34mSELECT "ar_internal_metadata"."value" FROM "ar_internal_metadata" WHERE "ar_internal_metadata"."key" = $1[0m  [["key", "environment"]]
  [1m[35m (0.4ms)[0m  [1m[34mSELECT "schema_migrations"."version" FROM "schema_migrations" ORDER BY "schema_migrations"."version" ASC[0m
  [1m[35m (0.4ms)[0m  [1m[34mSELECT "ar_internal_metadata"."value" FROM "ar_internal_metadata" WHERE "ar_internal_metadata"."key" = $1[0m  [["key", "environment"]]
  [1m[35m (0.3ms)[0m  [1m[34mSELECT "schema_migrations"."version" FROM "schema_migrations" ORDER BY "schema_migrations"."version" ASC[0m
  [1m[35m (0.3ms)[0m  [1m[34mSELECT "ar_internal_metadata"."value" FROM "ar_internal_metadata" WHERE "ar_internal_metadata"."key" = $1[0m  [["key", "environment"]]
  [1m[35m (94.1ms)[0m  [1m[35mDROP DATABASE IF EXISTS "mp_development"[0m
  [1m[35m (56.2ms)[0m  [1m[35mDROP DATABASE IF EXISTS "mp_test"[0m
  [1m[35m (200.1ms)[0m  [1m[35mCREATE DATABASE "mp_development" ENCODING = 'unicode'[0m
  [1m[35m (212.2ms)[0m  [1m[35mCREATE DATABASE "mp_test" ENCODING = 'unicode'[0m
  [1m[35m (10.2ms)[0m  [1m[35mCREATE TABLE "schema_migrations" ("version" character varying NOT NULL PRIMARY KEY)[0m
  [1m[35m (9.8ms)[0m  [1m[35mCREATE TABLE "ar_internal_metadata" ("key" character varying NOT NULL PRIMARY KEY, "value" character varying, "created_at" timestamp(6) NOT NULL, "updated_at" timestamp(6) NOT NULL)[0m
  [1m[35m (0.4ms)[0m  [1m[34mSELECT pg_try_advisory_lock(6264593022525104610)[0m
  [1m[35m (1.2ms)[0m  [1m[34mSELECT "schema_migrations"."version" FROM "schema_migrations" ORDER BY "schema_migrations"."version" ASC[0m
Migrating to CreateEvents (20200603165907)
  [1m[35m (0.2ms)[0m  [1m[35mBEGIN[0m
  [1m[35m (12.1ms)[0m  [1m[35mCREATE TABLE "events" ("id" bigserial primary key, "party_size" integer, "date_time" timestamp, "occasion" character varying, "chef_id" integer, "customer_id" integer, "isApproved" boolean DEFAULT FALSE, "created_at" timestamp(6) NOT NULL, "updated_at" timestamp(6) NOT NULL)[0m
  [1m[36mprimary::SchemaMigration Create (0.7ms)[0m  [1m[32mINSERT INTO "schema_migrations" ("version") VALUES ($1) RETURNING "version"[0m  [["version", "20200603165907"]]
  [1m[35m (16.2ms)[0m  [1m[35mCOMMIT[0m
Migrating to CreateUsers (20200603165928)
  [1m[35m (4.0ms)[0m  [1m[35mBEGIN[0m
  [1m[35m (8.6ms)[0m  [1m[35mCREATE TABLE "users" ("id" bigserial primary key, "name" character varying, "email" character varying, "password_digest" character varying, "img" character varying DEFAULT 'https://voxpopulii.in/system/static/dashboard/img/default_user.png', "about" text, "is_chef" boolean DEFAULT FALSE, "created_at" timestamp(6) NOT NULL, "updated_at" timestamp(6) NOT NULL)[0m
  [1m[36mprimary::SchemaMigration Create (20.0ms)[0m  [1m[32mINSERT INTO "schema_migrations" ("version") VALUES ($1) RETURNING "version"[0m  [["version", "20200603165928"]]
  [1m[35m (39.2ms)[0m  [1m[35mCOMMIT[0m
Migrating to CreateDishes (20200603165937)
  [1m[35m (8.2ms)[0m  [1m[35mBEGIN[0m
  [1m[35m (21.6ms)[0m  [1m[35mCREATE TABLE "dishes" ("id" bigserial primary key, "name" character varying, "cuisine" character varying, "img" character varying DEFAULT 'https://cdn2.iconfinder.com/data/icons/food-restaurant-1/128/flat-15-512.png', "description" character varying, "chef_id" integer, "created_at" timestamp(6) NOT NULL, "updated_at" timestamp(6) NOT NULL)[0m
  [1m[36mprimary::SchemaMigration Create (1.5ms)[0m  [1m[32mINSERT INTO "schema_migrations" ("version") VALUES ($1) RETURNING "version"[0m  [["version", "20200603165937"]]
  [1m[35m (26.4ms)[0m  [1m[35mCOMMIT[0m
  [1m[36mActiveRecord::InternalMetadata Load (0.8ms)[0m  [1m[34mSELECT "ar_internal_metadata".* FROM "ar_internal_metadata" WHERE "ar_internal_metadata"."key" = $1 LIMIT $2[0m  [["key", "environment"], ["LIMIT", 1]]
  [1m[35m (0.2ms)[0m  [1m[35mBEGIN[0m
  [1m[36mActiveRecord::InternalMetadata Create (1.0ms)[0m  [1m[32mINSERT INTO "ar_internal_metadata" ("key", "value", "created_at", "updated_at") VALUES ($1, $2, $3, $4) RETURNING "key"[0m  [["key", "environment"], ["value", "development"], ["created_at", "2020-06-03 19:27:44.613357"], ["updated_at", "2020-06-03 19:27:44.613357"]]
  [1m[35m (1.3ms)[0m  [1m[35mCOMMIT[0m
  [1m[35m (0.6ms)[0m  [1m[34mSELECT pg_advisory_unlock(6264593022525104610)[0m
  [1m[35m (1.6ms)[0m  [1m[34mSELECT "schema_migrations"."version" FROM "schema_migrations" ORDER BY "schema_migrations"."version" ASC[0m
  [1m[35m (6.3ms)[0m  [1m[34mSELECT "schema_migrations"."version" FROM "schema_migrations" ORDER BY "schema_migrations"."version" ASC[0m
  [1m[35m (0.5ms)[0m  [1m[34mSELECT "ar_internal_metadata"."value" FROM "ar_internal_metadata" WHERE "ar_internal_metadata"."key" = $1[0m  [["key", "environment"]]
  [1m[35m (0.4ms)[0m  [1m[34mSELECT "schema_migrations"."version" FROM "schema_migrations" ORDER BY "schema_migrations"."version" ASC[0m
  [1m[35m (0.4ms)[0m  [1m[34mSELECT "ar_internal_metadata"."value" FROM "ar_internal_metadata" WHERE "ar_internal_metadata"."key" = $1[0m  [["key", "environment"]]
  [1m[35m (0.4ms)[0m  [1m[34mSELECT "schema_migrations"."version" FROM "schema_migrations" ORDER BY "schema_migrations"."version" ASC[0m
  [1m[35m (2.9ms)[0m  [1m[34mSELECT "ar_internal_metadata"."value" FROM "ar_internal_metadata" WHERE "ar_internal_metadata"."key" = $1[0m  [["key", "environment"]]
  [1m[35m (127.4ms)[0m  [1m[35mDROP DATABASE IF EXISTS "mp_development"[0m
  [1m[35m (68.4ms)[0m  [1m[35mDROP DATABASE IF EXISTS "mp_test"[0m
  [1m[35m (226.5ms)[0m  [1m[35mCREATE DATABASE "mp_development" ENCODING = 'unicode'[0m
  [1m[35m (253.1ms)[0m  [1m[35mCREATE DATABASE "mp_test" ENCODING = 'unicode'[0m
  [1m[35m (18.4ms)[0m  [1m[35mCREATE TABLE "schema_migrations" ("version" character varying NOT NULL PRIMARY KEY)[0m
  [1m[35m (16.3ms)[0m  [1m[35mCREATE TABLE "ar_internal_metadata" ("key" character varying NOT NULL PRIMARY KEY, "value" character varying, "created_at" timestamp(6) NOT NULL, "updated_at" timestamp(6) NOT NULL)[0m
  [1m[35m (0.4ms)[0m  [1m[34mSELECT pg_try_advisory_lock(6264593022525104610)[0m
  [1m[35m (2.9ms)[0m  [1m[34mSELECT "schema_migrations"."version" FROM "schema_migrations" ORDER BY "schema_migrations"."version" ASC[0m
Migrating to CreateEvents (20200603165907)
  [1m[35m (0.3ms)[0m  [1m[35mBEGIN[0m
  [1m[35m (189.5ms)[0m  [1m[35mCREATE TABLE "events" ("id" bigserial primary key, "party_size" integer, "date" date, "occasion" character varying, "chef_id" integer, "customer_id" integer, "isApproved" boolean DEFAULT FALSE, "created_at" timestamp(6) NOT NULL, "updated_at" timestamp(6) NOT NULL)[0m
  [1m[36mprimary::SchemaMigration Create (1.1ms)[0m  [1m[32mINSERT INTO "schema_migrations" ("version") VALUES ($1) RETURNING "version"[0m  [["version", "20200603165907"]]
  [1m[35m (7.9ms)[0m  [1m[35mCOMMIT[0m
Migrating to CreateUsers (20200603165928)
  [1m[35m (53.8ms)[0m  [1m[35mBEGIN[0m
  [1m[35m (100.6ms)[0m  [1m[35mCREATE TABLE "users" ("id" bigserial primary key, "name" character varying, "email" character varying, "password_digest" character varying, "img" character varying DEFAULT 'https://voxpopulii.in/system/static/dashboard/img/default_user.png', "about" text, "is_chef" boolean DEFAULT FALSE, "created_at" timestamp(6) NOT NULL, "updated_at" timestamp(6) NOT NULL)[0m
  [1m[36mprimary::SchemaMigration Create (1.0ms)[0m  [1m[32mINSERT INTO "schema_migrations" ("version") VALUES ($1) RETURNING "version"[0m  [["version", "20200603165928"]]
  [1m[35m (2.1ms)[0m  [1m[35mCOMMIT[0m
Migrating to CreateDishes (20200603165937)
  [1m[35m (0.7ms)[0m  [1m[35mBEGIN[0m
  [1m[35m (33.0ms)[0m  [1m[35mCREATE TABLE "dishes" ("id" bigserial primary key, "name" character varying, "cuisine" character varying, "img" character varying DEFAULT 'https://cdn2.iconfinder.com/data/icons/food-restaurant-1/128/flat-15-512.png', "description" character varying, "chef_id" integer, "created_at" timestamp(6) NOT NULL, "updated_at" timestamp(6) NOT NULL)[0m
  [1m[36mprimary::SchemaMigration Create (2.3ms)[0m  [1m[32mINSERT INTO "schema_migrations" ("version") VALUES ($1) RETURNING "version"[0m  [["version", "20200603165937"]]
  [1m[35m (1.4ms)[0m  [1m[35mCOMMIT[0m
  [1m[36mActiveRecord::InternalMetadata Load (2.6ms)[0m  [1m[34mSELECT "ar_internal_metadata".* FROM "ar_internal_metadata" WHERE "ar_internal_metadata"."key" = $1 LIMIT $2[0m  [["key", "environment"], ["LIMIT", 1]]
  [1m[35m (1.9ms)[0m  [1m[35mBEGIN[0m
  [1m[36mActiveRecord::InternalMetadata Create (4.2ms)[0m  [1m[32mINSERT INTO "ar_internal_metadata" ("key", "value", "created_at", "updated_at") VALUES ($1, $2, $3, $4) RETURNING "key"[0m  [["key", "environment"], ["value", "development"], ["created_at", "2020-06-03 19:42:45.003578"], ["updated_at", "2020-06-03 19:42:45.003578"]]
  [1m[35m (1.4ms)[0m  [1m[35mCOMMIT[0m
  [1m[35m (8.2ms)[0m  [1m[34mSELECT pg_advisory_unlock(6264593022525104610)[0m
  [1m[35m (1.9ms)[0m  [1m[34mSELECT "schema_migrations"."version" FROM "schema_migrations" ORDER BY "schema_migrations"."version" ASC[0m
  [1m[35m (2.5ms)[0m  [1m[34mSELECT "schema_migrations"."version" FROM "schema_migrations" ORDER BY "schema_migrations"."version" ASC[0m
  [1m[35m (1.5ms)[0m  [1m[34mSELECT "schema_migrations"."version" FROM "schema_migrations" ORDER BY "schema_migrations"."version" ASC[0m
  [1m[36mUser Load (6.8ms)[0m  [1m[34mSELECT "users".* FROM "users"[0m
  [1m[36mEvent Load (1.1ms)[0m  [1m[34mSELECT "events".* FROM "events"[0m
  [1m[36mDish Load (0.7ms)[0m  [1m[34mSELECT "dishes".* FROM "dishes"[0m
  [1m[35m (0.2ms)[0m  [1m[35mBEGIN[0m
  [1m[36mUser Create (1.0ms)[0m  [1m[32mINSERT INTO "users" ("name", "email", "password_digest", "about", "created_at", "updated_at") VALUES ($1, $2, $3, $4, $5, $6) RETURNING "id"[0m  [["name", "Lola"], ["email", "lola@mail.com"], ["password_digest", "pass"], ["about", "I am a human being"], ["created_at", "2020-06-03 19:44:42.102181"], ["updated_at", "2020-06-03 19:44:42.102181"]]
  [1m[35m (1.5ms)[0m  [1m[35mCOMMIT[0m
  [1m[35m (0.2ms)[0m  [1m[35mBEGIN[0m
  [1m[36mUser Create (1.0ms)[0m  [1m[32mINSERT INTO "users" ("name", "email", "password_digest", "about", "created_at", "updated_at") VALUES ($1, $2, $3, $4, $5, $6) RETURNING "id"[0m  [["name", "Mary"], ["email", "mary@mail.com"], ["password_digest", "pass"], ["about", "I am a human being"], ["created_at", "2020-06-03 19:44:42.133345"], ["updated_at", "2020-06-03 19:44:42.133345"]]
  [1m[35m (1.4ms)[0m  [1m[35mCOMMIT[0m
  [1m[35m (0.2ms)[0m  [1m[35mBEGIN[0m
  [1m[36mUser Create (0.6ms)[0m  [1m[32mINSERT INTO "users" ("name", "email", "password_digest", "about", "is_chef", "created_at", "updated_at") VALUES ($1, $2, $3, $4, $5, $6, $7) RETURNING "id"[0m  [["name", "Francois"], ["email", "fran@mail.com"], ["password_digest", "pass"], ["about", "I am a human being"], ["is_chef", true], ["created_at", "2020-06-03 19:44:42.149794"], ["updated_at", "2020-06-03 19:44:42.149794"]]
  [1m[35m (1.5ms)[0m  [1m[35mCOMMIT[0m
  [1m[35m (0.3ms)[0m  [1m[35mBEGIN[0m
  [1m[36mUser Create (0.4ms)[0m  [1m[32mINSERT INTO "users" ("name", "email", "password_digest", "about", "is_chef", "created_at", "updated_at") VALUES ($1, $2, $3, $4, $5, $6, $7) RETURNING "id"[0m  [["name", "Dave"], ["email", "dave@mail.com"], ["password_digest", "pass"], ["about", "I am a human being"], ["is_chef", true], ["created_at", "2020-06-03 19:44:42.168280"], ["updated_at", "2020-06-03 19:44:42.168280"]]
  [1m[35m (1.3ms)[0m  [1m[35mCOMMIT[0m
  [1m[35m (0.3ms)[0m  [1m[35mBEGIN[0m
  [1m[36mUser Create (1.2ms)[0m  [1m[32mINSERT INTO "users" ("name", "email", "password_digest", "about", "is_chef", "created_at", "updated_at") VALUES ($1, $2, $3, $4, $5, $6, $7) RETURNING "id"[0m  [["name", "Beza"], ["email", "beza@mail.com"], ["password_digest", "pass"], ["about", "I make a killer Kitfo"], ["is_chef", true], ["created_at", "2020-06-03 19:44:42.176429"], ["updated_at", "2020-06-03 19:44:42.176429"]]
  [1m[35m (10.3ms)[0m  [1m[35mCOMMIT[0m
  [1m[35m (1.0ms)[0m  [1m[34mSELECT "schema_migrations"."version" FROM "schema_migrations" ORDER BY "schema_migrations"."version" ASC[0m
  [1m[35m (1.1ms)[0m  [1m[34mSELECT "schema_migrations"."version" FROM "schema_migrations" ORDER BY "schema_migrations"."version" ASC[0m
  [1m[35m (1.1ms)[0m  [1m[34mSELECT "schema_migrations"."version" FROM "schema_migrations" ORDER BY "schema_migrations"."version" ASC[0m
  [1m[36mUser Load (1.0ms)[0m  [1m[34mSELECT "users".* FROM "users"[0m
  [1m[35m (0.2ms)[0m  [1m[35mBEGIN[0m
  [1m[36mUser Destroy (0.8ms)[0m  [1m[31mDELETE FROM "users" WHERE "users"."id" = $1[0m  [["id", 1]]
  [1m[35m (1.5ms)[0m  [1m[35mCOMMIT[0m
  [1m[35m (0.2ms)[0m  [1m[35mBEGIN[0m
  [1m[36mUser Destroy (0.4ms)[0m  [1m[31mDELETE FROM "users" WHERE "users"."id" = $1[0m  [["id", 2]]
  [1m[35m (1.3ms)[0m  [1m[35mCOMMIT[0m
  [1m[35m (4.0ms)[0m  [1m[35mBEGIN[0m
  [1m[36mUser Destroy (0.5ms)[0m  [1m[31mDELETE FROM "users" WHERE "users"."id" = $1[0m  [["id", 3]]
  [1m[35m (1.6ms)[0m  [1m[35mCOMMIT[0m
  [1m[35m (0.2ms)[0m  [1m[35mBEGIN[0m
  [1m[36mUser Destroy (0.7ms)[0m  [1m[31mDELETE FROM "users" WHERE "users"."id" = $1[0m  [["id", 4]]
  [1m[35m (1.2ms)[0m  [1m[35mCOMMIT[0m
  [1m[35m (0.2ms)[0m  [1m[35mBEGIN[0m
  [1m[36mUser Destroy (0.4ms)[0m  [1m[31mDELETE FROM "users" WHERE "users"."id" = $1[0m  [["id", 5]]
  [1m[35m (1.3ms)[0m  [1m[35mCOMMIT[0m
  [1m[36mEvent Load (0.7ms)[0m  [1m[34mSELECT "events".* FROM "events"[0m
  [1m[36mDish Load (2.1ms)[0m  [1m[34mSELECT "dishes".* FROM "dishes"[0m
  [1m[35m (0.2ms)[0m  [1m[35mBEGIN[0m
  [1m[36mUser Create (0.7ms)[0m  [1m[32mINSERT INTO "users" ("name", "email", "password_digest", "about", "created_at", "updated_at") VALUES ($1, $2, $3, $4, $5, $6) RETURNING "id"[0m  [["name", "Lola"], ["email", "lola@mail.com"], ["password_digest", "pass"], ["about", "I am a human being"], ["created_at", "2020-06-03 19:46:16.681933"], ["updated_at", "2020-06-03 19:46:16.681933"]]
  [1m[35m (1.1ms)[0m  [1m[35mCOMMIT[0m
  [1m[35m (0.2ms)[0m  [1m[35mBEGIN[0m
  [1m[36mUser Create (0.4ms)[0m  [1m[32mINSERT INTO "users" ("name", "email", "password_digest", "about", "created_at", "updated_at") VALUES ($1, $2, $3, $4, $5, $6) RETURNING "id"[0m  [["name", "Mary"], ["email", "mary@mail.com"], ["password_digest", "pass"], ["about", "I am a human being"], ["created_at", "2020-06-03 19:46:16.687949"], ["updated_at", "2020-06-03 19:46:16.687949"]]
  [1m[35m (1.2ms)[0m  [1m[35mCOMMIT[0m
  [1m[35m (0.2ms)[0m  [1m[35mBEGIN[0m
  [1m[36mUser Create (0.4ms)[0m  [1m[32mINSERT INTO "users" ("name", "email", "password_digest", "about", "is_chef", "created_at", "updated_at") VALUES ($1, $2, $3, $4, $5, $6, $7) RETURNING "id"[0m  [["name", "Francois"], ["email", "fran@mail.com"], ["password_digest", "pass"], ["about", "I am a human being"], ["is_chef", true], ["created_at", "2020-06-03 19:46:16.693758"], ["updated_at", "2020-06-03 19:46:16.693758"]]
  [1m[35m (1.1ms)[0m  [1m[35mCOMMIT[0m
  [1m[35m (0.2ms)[0m  [1m[35mBEGIN[0m
  [1m[36mUser Create (0.5ms)[0m  [1m[32mINSERT INTO "users" ("name", "email", "password_digest", "about", "is_chef", "created_at", "updated_at") VALUES ($1, $2, $3, $4, $5, $6, $7) RETURNING "id"[0m  [["name", "Dave"], ["email", "dave@mail.com"], ["password_digest", "pass"], ["about", "I am a human being"], ["is_chef", true], ["created_at", "2020-06-03 19:46:16.699019"], ["updated_at", "2020-06-03 19:46:16.699019"]]
  [1m[35m (1.5ms)[0m  [1m[35mCOMMIT[0m
  [1m[35m (0.3ms)[0m  [1m[35mBEGIN[0m
  [1m[36mUser Create (1.2ms)[0m  [1m[32mINSERT INTO "users" ("name", "email", "password_digest", "about", "is_chef", "created_at", "updated_at") VALUES ($1, $2, $3, $4, $5, $6, $7) RETURNING "id"[0m  [["name", "Beza"], ["email", "beza@mail.com"], ["password_digest", "pass"], ["about", "I make a killer Kitfo"], ["is_chef", true], ["created_at", "2020-06-03 19:46:16.705073"], ["updated_at", "2020-06-03 19:46:16.705073"]]
  [1m[35m (1.3ms)[0m  [1m[35mCOMMIT[0m
  [1m[35m (1.5ms)[0m  [1m[35mBEGIN[0m
  [1m[36mUser Load (0.3ms)[0m  [1m[34mSELECT "users".* FROM "users" WHERE "users"."id" = $1 LIMIT $2[0m  [["id", 6], ["LIMIT", 1]]
  [1m[36mEvent Create (3.5ms)[0m  [1m[32mINSERT INTO "events" ("party_size", "occasion", "chef_id", "customer_id", "created_at", "updated_at") VALUES ($1, $2, $3, $4, $5, $6) RETURNING "id"[0m  [["party_size", 2], ["occasion", "Anniversary"], ["chef_id", 8], ["customer_id", 6], ["created_at", "2020-06-03 19:46:16.749589"], ["updated_at", "2020-06-03 19:46:16.749589"]]
  [1m[35m (41.8ms)[0m  [1m[35mCOMMIT[0m
  [1m[35m (0.2ms)[0m  [1m[35mBEGIN[0m
  [1m[36mUser Load (1.0ms)[0m  [1m[34mSELECT "users".* FROM "users" WHERE "users"."id" = $1 LIMIT $2[0m  [["id", 7], ["LIMIT", 1]]
  [1m[36mEvent Create (0.5ms)[0m  [1m[32mINSERT INTO "events" ("party_size", "occasion", "chef_id", "customer_id", "created_at", "updated_at") VALUES ($1, $2, $3, $4, $5, $6) RETURNING "id"[0m  [["party_size", 4], ["occasion", "Birthday"], ["chef_id", 8], ["customer_id", 7], ["created_at", "2020-06-03 19:46:16.803767"], ["updated_at", "2020-06-03 19:46:16.803767"]]
  [1m[35m (1.4ms)[0m  [1m[35mCOMMIT[0m
  [1m[35m (0.2ms)[0m  [1m[35mBEGIN[0m
  [1m[36mUser Load (0.3ms)[0m  [1m[34mSELECT "users".* FROM "users" WHERE "users"."id" = $1 LIMIT $2[0m  [["id", 6], ["LIMIT", 1]]
  [1m[36mEvent Create (0.5ms)[0m  [1m[32mINSERT INTO "events" ("party_size", "occasion", "chef_id", "customer_id", "created_at", "updated_at") VALUES ($1, $2, $3, $4, $5, $6) RETURNING "id"[0m  [["party_size", 3], ["occasion", "Baptism"], ["chef_id", 9], ["customer_id", 6], ["created_at", "2020-06-03 19:46:16.811801"], ["updated_at", "2020-06-03 19:46:16.811801"]]
  [1m[35m (1.1ms)[0m  [1m[35mCOMMIT[0m
  [1m[35m (0.2ms)[0m  [1m[35mBEGIN[0m
  [1m[36mDish Create (0.7ms)[0m  [1m[32mINSERT INTO "dishes" ("name", "cuisine", "description", "chef_id", "created_at", "updated_at") VALUES ($1, $2, $3, $4, $5, $6) RETURNING "id"[0m  [["name", "Kitfo"], ["cuisine", "Etiopian"], ["description", "Delicious food so you can eat it and then eat some more."], ["chef_id", 9], ["created_at", "2020-06-03 19:46:16.827939"], ["updated_at", "2020-06-03 19:46:16.827939"]]
  [1m[35m (1.5ms)[0m  [1m[35mCOMMIT[0m
  [1m[35m (0.2ms)[0m  [1m[35mBEGIN[0m
  [1m[36mDish Create (0.4ms)[0m  [1m[32mINSERT INTO "dishes" ("name", "cuisine", "description", "chef_id", "created_at", "updated_at") VALUES ($1, $2, $3, $4, $5, $6) RETURNING "id"[0m  [["name", "Ravioli con Carne"], ["cuisine", "Italian"], ["description", "Delicious food so you can eat it and then eat some more."], ["chef_id", 10], ["created_at", "2020-06-03 19:46:16.834332"], ["updated_at", "2020-06-03 19:46:16.834332"]]
  [1m[35m (2.0ms)[0m  [1m[35mCOMMIT[0m
  [1m[35m (0.2ms)[0m  [1m[35mBEGIN[0m
  [1m[36mDish Create (0.6ms)[0m  [1m[32mINSERT INTO "dishes" ("name", "cuisine", "description", "chef_id", "created_at", "updated_at") VALUES ($1, $2, $3, $4, $5, $6) RETURNING "id"[0m  [["name", "Sushi"], ["cuisine", "Asian"], ["description", "Delicious food so you can eat it and then eat some more."], ["chef_id", 9], ["created_at", "2020-06-03 19:46:16.840951"], ["updated_at", "2020-06-03 19:46:16.840951"]]
  [1m[35m (1.0ms)[0m  [1m[35mCOMMIT[0m
  [1m[35m (0.2ms)[0m  [1m[35mBEGIN[0m
  [1m[36mDish Create (0.7ms)[0m  [1m[32mINSERT INTO "dishes" ("name", "cuisine", "description", "chef_id", "created_at", "updated_at") VALUES ($1, $2, $3, $4, $5, $6) RETURNING "id"[0m  [["name", "Arancini con Queso"], ["cuisine", "French"], ["description", "Delicious food so you can eat it and then eat some more."], ["chef_id", 8], ["created_at", "2020-06-03 19:46:16.847756"], ["updated_at", "2020-06-03 19:46:16.847756"]]
  [1m[35m (1.7ms)[0m  [1m[35mCOMMIT[0m
  [1m[35m (0.2ms)[0m  [1m[35mBEGIN[0m
  [1m[36mDish Create (0.5ms)[0m  [1m[32mINSERT INTO "dishes" ("name", "cuisine", "description", "chef_id", "created_at", "updated_at") VALUES ($1, $2, $3, $4, $5, $6) RETURNING "id"[0m  [["name", "Doro Wet"], ["cuisine", "African"], ["description", "Delicious food so you can eat it and then eat some more."], ["chef_id", 9], ["created_at", "2020-06-03 19:46:16.855034"], ["updated_at", "2020-06-03 19:46:16.855034"]]
  [1m[35m (1.5ms)[0m  [1m[35mCOMMIT[0m
  [1m[35m (0.2ms)[0m  [1m[35mBEGIN[0m
  [1m[36mDish Create (0.6ms)[0m  [1m[32mINSERT INTO "dishes" ("name", "cuisine", "description", "chef_id", "created_at", "updated_at") VALUES ($1, $2, $3, $4, $5, $6) RETURNING "id"[0m  [["name", "Greasy Hamburger"], ["cuisine", "American"], ["description", "Delicious food so you can eat it and then eat some more."], ["chef_id", 8], ["created_at", "2020-06-03 19:46:16.861133"], ["updated_at", "2020-06-03 19:46:16.861133"]]
  [1m[35m (1.4ms)[0m  [1m[35mCOMMIT[0m
  [1m[36mUser Load (1.0ms)[0m  [1m[34mSELECT "users".* FROM "users" LIMIT $1[0m  [["LIMIT", 11]]
  [1m[36mEvent Load (0.7ms)[0m  [1m[34mSELECT "events".* FROM "events" LIMIT $1[0m  [["LIMIT", 11]]
  [1m[36mDish Load (3.7ms)[0m  [1m[34mSELECT "dishes".* FROM "dishes" LIMIT $1[0m  [["LIMIT", 11]]
  [1m[35m (1.2ms)[0m  [1m[34mSELECT "schema_migrations"."version" FROM "schema_migrations" ORDER BY "schema_migrations"."version" ASC[0m
  [1m[36mUser Load (4.3ms)[0m  [1m[34mSELECT "users".* FROM "users"[0m
  [1m[35m (0.3ms)[0m  [1m[35mBEGIN[0m
  [1m[36mUser Destroy (1.2ms)[0m  [1m[31mDELETE FROM "users" WHERE "users"."id" = $1[0m  [["id", 6]]
  [1m[35m (41.9ms)[0m  [1m[35mCOMMIT[0m
  [1m[35m (0.2ms)[0m  [1m[35mBEGIN[0m
  [1m[36mUser Destroy (0.6ms)[0m  [1m[31mDELETE FROM "users" WHERE "users"."id" = $1[0m  [["id", 7]]
  [1m[35m (1.1ms)[0m  [1m[35mCOMMIT[0m
  [1m[35m (0.2ms)[0m  [1m[35mBEGIN[0m
  [1m[36mUser Destroy (1.1ms)[0m  [1m[31mDELETE FROM "users" WHERE "users"."id" = $1[0m  [["id", 8]]
  [1m[35m (1.5ms)[0m  [1m[35mCOMMIT[0m
  [1m[35m (0.2ms)[0m  [1m[35mBEGIN[0m
  [1m[36mUser Destroy (0.7ms)[0m  [1m[31mDELETE FROM "users" WHERE "users"."id" = $1[0m  [["id", 9]]
  [1m[35m (1.4ms)[0m  [1m[35mCOMMIT[0m
  [1m[35m (0.3ms)[0m  [1m[35mBEGIN[0m
  [1m[36mUser Destroy (0.5ms)[0m  [1m[31mDELETE FROM "users" WHERE "users"."id" = $1[0m  [["id", 10]]
  [1m[35m (1.6ms)[0m  [1m[35mCOMMIT[0m
  [1m[36mEvent Load (2.4ms)[0m  [1m[34mSELECT "events".* FROM "events"[0m
  [1m[35m (0.2ms)[0m  [1m[35mBEGIN[0m
  [1m[36mEvent Destroy (0.9ms)[0m  [1m[31mDELETE FROM "events" WHERE "events"."id" = $1[0m  [["id", 1]]
  [1m[35m (1.8ms)[0m  [1m[35mCOMMIT[0m
  [1m[35m (0.3ms)[0m  [1m[35mBEGIN[0m
  [1m[36mEvent Destroy (0.4ms)[0m  [1m[31mDELETE FROM "events" WHERE "events"."id" = $1[0m  [["id", 2]]
  [1m[35m (1.4ms)[0m  [1m[35mCOMMIT[0m
  [1m[35m (0.2ms)[0m  [1m[35mBEGIN[0m
  [1m[36mEvent Destroy (0.4ms)[0m  [1m[31mDELETE FROM "events" WHERE "events"."id" = $1[0m  [["id", 3]]
  [1m[35m (1.2ms)[0m  [1m[35mCOMMIT[0m
  [1m[36mDish Load (1.1ms)[0m  [1m[34mSELECT "dishes".* FROM "dishes"[0m
  [1m[35m (0.2ms)[0m  [1m[35mBEGIN[0m
  [1m[36mDish Destroy (1.2ms)[0m  [1m[31mDELETE FROM "dishes" WHERE "dishes"."id" = $1[0m  [["id", 1]]
  [1m[35m (1.7ms)[0m  [1m[35mCOMMIT[0m
  [1m[35m (0.2ms)[0m  [1m[35mBEGIN[0m
  [1m[36mDish Destroy (0.8ms)[0m  [1m[31mDELETE FROM "dishes" WHERE "dishes"."id" = $1[0m  [["id", 2]]
  [1m[35m (0.5ms)[0m  [1m[35mCOMMIT[0m
  [1m[35m (0.5ms)[0m  [1m[35mBEGIN[0m
  [1m[36mDish Destroy (0.6ms)[0m  [1m[31mDELETE FROM "dishes" WHERE "dishes"."id" = $1[0m  [["id", 3]]
  [1m[35m (1.8ms)[0m  [1m[35mCOMMIT[0m
  [1m[35m (0.2ms)[0m  [1m[35mBEGIN[0m
  [1m[36mDish Destroy (0.5ms)[0m  [1m[31mDELETE FROM "dishes" WHERE "dishes"."id" = $1[0m  [["id", 4]]
  [1m[35m (2.2ms)[0m  [1m[35mCOMMIT[0m
  [1m[35m (0.2ms)[0m  [1m[35mBEGIN[0m
  [1m[36mDish Destroy (0.6ms)[0m  [1m[31mDELETE FROM "dishes" WHERE "dishes"."id" = $1[0m  [["id", 5]]
  [1m[35m (1.5ms)[0m  [1m[35mCOMMIT[0m
  [1m[35m (0.2ms)[0m  [1m[35mBEGIN[0m
  [1m[36mDish Destroy (0.5ms)[0m  [1m[31mDELETE FROM "dishes" WHERE "dishes"."id" = $1[0m  [["id", 6]]
  [1m[35m (1.4ms)[0m  [1m[35mCOMMIT[0m
  [1m[35m (0.2ms)[0m  [1m[35mBEGIN[0m
  [1m[36mUser Create (1.0ms)[0m  [1m[32mINSERT INTO "users" ("name", "email", "password_digest", "about", "created_at", "updated_at") VALUES ($1, $2, $3, $4, $5, $6) RETURNING "id"[0m  [["name", "Lola"], ["email", "lola@mail.com"], ["password_digest", "pass"], ["about", "I am a human being"], ["created_at", "2020-06-03 19:53:23.690305"], ["updated_at", "2020-06-03 19:53:23.690305"]]
  [1m[35m (1.5ms)[0m  [1m[35mCOMMIT[0m
  [1m[35m (0.2ms)[0m  [1m[35mBEGIN[0m
  [1m[36mUser Create (1.4ms)[0m  [1m[32mINSERT INTO "users" ("name", "email", "password_digest", "about", "created_at", "updated_at") VALUES ($1, $2, $3, $4, $5, $6) RETURNING "id"[0m  [["name", "Mary"], ["email", "mary@mail.com"], ["password_digest", "pass"], ["about", "I am a human being"], ["created_at", "2020-06-03 19:53:23.698202"], ["updated_at", "2020-06-03 19:53:23.698202"]]
  [1m[35m (1.6ms)[0m  [1m[35mCOMMIT[0m
  [1m[35m (0.3ms)[0m  [1m[35mBEGIN[0m
  [1m[36mUser Create (0.6ms)[0m  [1m[32mINSERT INTO "users" ("name", "email", "password_digest", "about", "is_chef", "created_at", "updated_at") VALUES ($1, $2, $3, $4, $5, $6, $7) RETURNING "id"[0m  [["name", "Francois"], ["email", "fran@mail.com"], ["password_digest", "pass"], ["about", "I am a human being"], ["is_chef", true], ["created_at", "2020-06-03 19:53:23.706029"], ["updated_at", "2020-06-03 19:53:23.706029"]]
  [1m[35m (1.6ms)[0m  [1m[35mCOMMIT[0m
  [1m[35m (0.2ms)[0m  [1m[35mBEGIN[0m
  [1m[36mUser Create (0.8ms)[0m  [1m[32mINSERT INTO "users" ("name", "email", "password_digest", "about", "is_chef", "created_at", "updated_at") VALUES ($1, $2, $3, $4, $5, $6, $7) RETURNING "id"[0m  [["name", "Dave"], ["email", "dave@mail.com"], ["password_digest", "pass"], ["about", "I am a human being"], ["is_chef", true], ["created_at", "2020-06-03 19:53:23.714738"], ["updated_at", "2020-06-03 19:53:23.714738"]]
  [1m[35m (1.3ms)[0m  [1m[35mCOMMIT[0m
  [1m[35m (0.2ms)[0m  [1m[35mBEGIN[0m
  [1m[36mUser Create (0.6ms)[0m  [1m[32mINSERT INTO "users" ("name", "email", "password_digest", "about", "is_chef", "created_at", "updated_at") VALUES ($1, $2, $3, $4, $5, $6, $7) RETURNING "id"[0m  [["name", "Beza"], ["email", "beza@mail.com"], ["password_digest", "pass"], ["about", "I make a killer Kitfo"], ["is_chef", true], ["created_at", "2020-06-03 19:53:23.722116"], ["updated_at", "2020-06-03 19:53:23.722116"]]
  [1m[35m (1.4ms)[0m  [1m[35mCOMMIT[0m
  [1m[35m (1.0ms)[0m  [1m[34mSELECT "schema_migrations"."version" FROM "schema_migrations" ORDER BY "schema_migrations"."version" ASC[0m
  [1m[35m (1.6ms)[0m  [1m[34mSELECT "schema_migrations"."version" FROM "schema_migrations" ORDER BY "schema_migrations"."version" ASC[0m
  [1m[36mUser Load (0.9ms)[0m  [1m[34mSELECT "users".* FROM "users"[0m
  [1m[35m (1.0ms)[0m  [1m[35mBEGIN[0m
  [1m[36mUser Destroy (0.7ms)[0m  [1m[31mDELETE FROM "users" WHERE "users"."id" = $1[0m  [["id", 11]]
  [1m[35m (41.1ms)[0m  [1m[35mCOMMIT[0m
  [1m[35m (0.2ms)[0m  [1m[35mBEGIN[0m
  [1m[36mUser Destroy (0.5ms)[0m  [1m[31mDELETE FROM "users" WHERE "users"."id" = $1[0m  [["id", 12]]
  [1m[35m (1.8ms)[0m  [1m[35mCOMMIT[0m
  [1m[35m (0.2ms)[0m  [1m[35mBEGIN[0m
  [1m[36mUser Destroy (0.4ms)[0m  [1m[31mDELETE FROM "users" WHERE "users"."id" = $1[0m  [["id", 13]]
  [1m[35m (1.4ms)[0m  [1m[35mCOMMIT[0m
  [1m[35m (0.2ms)[0m  [1m[35mBEGIN[0m
  [1m[36mUser Destroy (0.4ms)[0m  [1m[31mDELETE FROM "users" WHERE "users"."id" = $1[0m  [["id", 14]]
  [1m[35m (1.3ms)[0m  [1m[35mCOMMIT[0m
  [1m[35m (0.2ms)[0m  [1m[35mBEGIN[0m
  [1m[36mUser Destroy (0.4ms)[0m  [1m[31mDELETE FROM "users" WHERE "users"."id" = $1[0m  [["id", 15]]
  [1m[35m (1.4ms)[0m  [1m[35mCOMMIT[0m
  [1m[36mEvent Load (1.1ms)[0m  [1m[34mSELECT "events".* FROM "events"[0m
  [1m[36mDish Load (0.6ms)[0m  [1m[34mSELECT "dishes".* FROM "dishes"[0m
  [1m[35m (6.1ms)[0m  [1m[35mBEGIN[0m
  [1m[36mUser Create (6.3ms)[0m  [1m[32mINSERT INTO "users" ("name", "email", "password_digest", "about", "created_at", "updated_at") VALUES ($1, $2, $3, $4, $5, $6) RETURNING "id"[0m  [["name", "Lola"], ["email", "lola@mail.com"], ["password_digest", "pass"], ["about", "I am a human being"], ["created_at", "2020-06-03 19:59:39.045575"], ["updated_at", "2020-06-03 19:59:39.045575"]]
  [1m[35m (1.3ms)[0m  [1m[35mCOMMIT[0m
  [1m[35m (0.2ms)[0m  [1m[35mBEGIN[0m
  [1m[36mUser Create (0.5ms)[0m  [1m[32mINSERT INTO "users" ("name", "email", "password_digest", "about", "created_at", "updated_at") VALUES ($1, $2, $3, $4, $5, $6) RETURNING "id"[0m  [["name", "Mary"], ["email", "mary@mail.com"], ["password_digest", "pass"], ["about", "I am a human being"], ["created_at", "2020-06-03 19:59:39.066013"], ["updated_at", "2020-06-03 19:59:39.066013"]]
  [1m[35m (1.4ms)[0m  [1m[35mCOMMIT[0m
  [1m[35m (0.2ms)[0m  [1m[35mBEGIN[0m
  [1m[36mUser Create (1.3ms)[0m  [1m[32mINSERT INTO "users" ("name", "email", "password_digest", "about", "is_chef", "created_at", "updated_at") VALUES ($1, $2, $3, $4, $5, $6, $7) RETURNING "id"[0m  [["name", "Francois"], ["email", "fran@mail.com"], ["password_digest", "pass"], ["about", "I am a human being"], ["is_chef", true], ["created_at", "2020-06-03 19:59:39.072489"], ["updated_at", "2020-06-03 19:59:39.072489"]]
  [1m[35m (1.6ms)[0m  [1m[35mCOMMIT[0m
  [1m[35m (0.2ms)[0m  [1m[35mBEGIN[0m
  [1m[36mUser Create (0.8ms)[0m  [1m[32mINSERT INTO "users" ("name", "email", "password_digest", "about", "is_chef", "created_at", "updated_at") VALUES ($1, $2, $3, $4, $5, $6, $7) RETURNING "id"[0m  [["name", "Dave"], ["email", "dave@mail.com"], ["password_digest", "pass"], ["about", "I am a human being"], ["is_chef", true], ["created_at", "2020-06-03 19:59:39.083825"], ["updated_at", "2020-06-03 19:59:39.083825"]]
  [1m[35m (1.1ms)[0m  [1m[35mCOMMIT[0m
  [1m[35m (0.2ms)[0m  [1m[35mBEGIN[0m
  [1m[36mUser Create (0.5ms)[0m  [1m[32mINSERT INTO "users" ("name", "email", "password_digest", "about", "is_chef", "created_at", "updated_at") VALUES ($1, $2, $3, $4, $5, $6, $7) RETURNING "id"[0m  [["name", "Beza"], ["email", "beza@mail.com"], ["password_digest", "pass"], ["about", "I make a killer Kitfo"], ["is_chef", true], ["created_at", "2020-06-03 19:59:39.090185"], ["updated_at", "2020-06-03 19:59:39.090185"]]
  [1m[35m (1.2ms)[0m  [1m[35mCOMMIT[0m
  [1m[35m (0.2ms)[0m  [1m[35mBEGIN[0m
  [1m[36mUser Load (0.4ms)[0m  [1m[34mSELECT "users".* FROM "users" WHERE "users"."id" = $1 LIMIT $2[0m  [["id", 16], ["LIMIT", 1]]
  [1m[36mEvent Create (42.7ms)[0m  [1m[32mINSERT INTO "events" ("party_size", "date", "occasion", "chef_id", "customer_id", "created_at", "updated_at") VALUES ($1, $2, $3, $4, $5, $6, $7) RETURNING "id"[0m  [["party_size", 2], ["date", "2009-10-09"], ["occasion", "Anniversary"], ["chef_id", 18], ["customer_id", 16], ["created_at", "2020-06-03 19:59:39.127327"], ["updated_at", "2020-06-03 19:59:39.127327"]]
  [1m[35m (1.2ms)[0m  [1m[35mCOMMIT[0m
  [1m[35m (1.0ms)[0m  [1m[35mBEGIN[0m
  [1m[36mUser Load (1.5ms)[0m  [1m[34mSELECT "users".* FROM "users" WHERE "users"."id" = $1 LIMIT $2[0m  [["id", 17], ["LIMIT", 1]]
  [1m[36mEvent Create (1.6ms)[0m  [1m[32mINSERT INTO "events" ("party_size", "date", "occasion", "chef_id", "customer_id", "created_at", "updated_at") VALUES ($1, $2, $3, $4, $5, $6, $7) RETURNING "id"[0m  [["party_size", 4], ["date", "2009-10-20"], ["occasion", "Birthday"], ["chef_id", 18], ["customer_id", 17], ["created_at", "2020-06-03 19:59:39.186571"], ["updated_at", "2020-06-03 19:59:39.186571"]]
  [1m[35m (1.4ms)[0m  [1m[35mCOMMIT[0m
  [1m[35m (0.2ms)[0m  [1m[35mBEGIN[0m
  [1m[36mUser Load (0.4ms)[0m  [1m[34mSELECT "users".* FROM "users" WHERE "users"."id" = $1 LIMIT $2[0m  [["id", 16], ["LIMIT", 1]]
  [1m[36mEvent Create (0.6ms)[0m  [1m[32mINSERT INTO "events" ("party_size", "date", "occasion", "chef_id", "customer_id", "created_at", "updated_at") VALUES ($1, $2, $3, $4, $5, $6, $7) RETURNING "id"[0m  [["party_size", 3], ["date", "2009-11-19"], ["occasion", "Baptism"], ["chef_id", 19], ["customer_id", 16], ["created_at", "2020-06-03 19:59:39.196799"], ["updated_at", "2020-06-03 19:59:39.196799"]]
  [1m[35m (1.2ms)[0m  [1m[35mCOMMIT[0m
  [1m[35m (0.6ms)[0m  [1m[35mBEGIN[0m
  [1m[36mDish Create (0.8ms)[0m  [1m[32mINSERT INTO "dishes" ("name", "cuisine", "description", "chef_id", "created_at", "updated_at") VALUES ($1, $2, $3, $4, $5, $6) RETURNING "id"[0m  [["name", "Kitfo"], ["cuisine", "Etiopian"], ["description", "Delicious food so you can eat it and then eat some more."], ["chef_id", 19], ["created_at", "2020-06-03 19:59:39.217839"], ["updated_at", "2020-06-03 19:59:39.217839"]]
  [1m[35m (1.3ms)[0m  [1m[35mCOMMIT[0m
  [1m[35m (0.2ms)[0m  [1m[35mBEGIN[0m
  [1m[36mDish Create (0.5ms)[0m  [1m[32mINSERT INTO "dishes" ("name", "cuisine", "description", "chef_id", "created_at", "updated_at") VALUES ($1, $2, $3, $4, $5, $6) RETURNING "id"[0m  [["name", "Ravioli con Carne"], ["cuisine", "Italian"], ["description", "Delicious food so you can eat it and then eat some more."], ["chef_id", 20], ["created_at", "2020-06-03 19:59:39.229118"], ["updated_at", "2020-06-03 19:59:39.229118"]]
  [1m[35m (1.5ms)[0m  [1m[35mCOMMIT[0m
  [1m[35m (0.4ms)[0m  [1m[35mBEGIN[0m
  [1m[36mDish Create (6.8ms)[0m  [1m[32mINSERT INTO "dishes" ("name", "cuisine", "description", "chef_id", "created_at", "updated_at") VALUES ($1, $2, $3, $4, $5, $6) RETURNING "id"[0m  [["name", "Sushi"], ["cuisine", "Asian"], ["description", "Delicious food so you can eat it and then eat some more."], ["chef_id", 19], ["created_at", "2020-06-03 19:59:39.237040"], ["updated_at", "2020-06-03 19:59:39.237040"]]
  [1m[35m (4.0ms)[0m  [1m[35mCOMMIT[0m
  [1m[35m (0.2ms)[0m  [1m[35mBEGIN[0m
  [1m[36mDish Create (0.5ms)[0m  [1m[32mINSERT INTO "dishes" ("name", "cuisine", "description", "chef_id", "created_at", "updated_at") VALUES ($1, $2, $3, $4, $5, $6) RETURNING "id"[0m  [["name", "Arancini con Queso"], ["cuisine", "French"], ["description", "Delicious food so you can eat it and then eat some more."], ["chef_id", 18], ["created_at", "2020-06-03 19:59:39.262145"], ["updated_at", "2020-06-03 19:59:39.262145"]]
  [1m[35m (1.3ms)[0m  [1m[35mCOMMIT[0m
  [1m[35m (0.2ms)[0m  [1m[35mBEGIN[0m
  [1m[36mDish Create (0.8ms)[0m  [1m[32mINSERT INTO "dishes" ("name", "cuisine", "description", "chef_id", "created_at", "updated_at") VALUES ($1, $2, $3, $4, $5, $6) RETURNING "id"[0m  [["name", "Doro Wet"], ["cuisine", "African"], ["description", "Delicious food so you can eat it and then eat some more."], ["chef_id", 19], ["created_at", "2020-06-03 19:59:39.269218"], ["updated_at", "2020-06-03 19:59:39.269218"]]
  [1m[35m (1.3ms)[0m  [1m[35mCOMMIT[0m
  [1m[35m (0.8ms)[0m  [1m[35mBEGIN[0m
  [1m[36mDish Create (1.7ms)[0m  [1m[32mINSERT INTO "dishes" ("name", "cuisine", "description", "chef_id", "created_at", "updated_at") VALUES ($1, $2, $3, $4, $5, $6) RETURNING "id"[0m  [["name", "Greasy Hamburger"], ["cuisine", "American"], ["description", "Delicious food so you can eat it and then eat some more."], ["chef_id", 18], ["created_at", "2020-06-03 19:59:39.276554"], ["updated_at", "2020-06-03 19:59:39.276554"]]
  [1m[35m (1.6ms)[0m  [1m[35mCOMMIT[0m
  [1m[35m (1.4ms)[0m  [1m[34mSELECT "schema_migrations"."version" FROM "schema_migrations" ORDER BY "schema_migrations"."version" ASC[0m
  [1m[36mUser Load (1.3ms)[0m  [1m[34mSELECT "users".* FROM "users"[0m
  [1m[35m (0.2ms)[0m  [1m[35mBEGIN[0m
  [1m[36mUser Destroy (0.7ms)[0m  [1m[31mDELETE FROM "users" WHERE "users"."id" = $1[0m  [["id", 16]]
  [1m[35m (1.4ms)[0m  [1m[35mCOMMIT[0m
  [1m[35m (0.3ms)[0m  [1m[35mBEGIN[0m
  [1m[36mUser Destroy (0.5ms)[0m  [1m[31mDELETE FROM "users" WHERE "users"."id" = $1[0m  [["id", 17]]
  [1m[35m (1.4ms)[0m  [1m[35mCOMMIT[0m
  [1m[35m (0.2ms)[0m  [1m[35mBEGIN[0m
  [1m[36mUser Destroy (0.5ms)[0m  [1m[31mDELETE FROM "users" WHERE "users"."id" = $1[0m  [["id", 18]]
  [1m[35m (1.5ms)[0m  [1m[35mCOMMIT[0m
  [1m[35m (0.2ms)[0m  [1m[35mBEGIN[0m
  [1m[36mUser Destroy (0.5ms)[0m  [1m[31mDELETE FROM "users" WHERE "users"."id" = $1[0m  [["id", 19]]
  [1m[35m (1.5ms)[0m  [1m[35mCOMMIT[0m
  [1m[35m (0.2ms)[0m  [1m[35mBEGIN[0m
  [1m[36mUser Destroy (0.7ms)[0m  [1m[31mDELETE FROM "users" WHERE "users"."id" = $1[0m  [["id", 20]]
  [1m[35m (1.3ms)[0m  [1m[35mCOMMIT[0m
  [1m[36mEvent Load (1.9ms)[0m  [1m[34mSELECT "events".* FROM "events"[0m
  [1m[35m (0.2ms)[0m  [1m[35mBEGIN[0m
  [1m[36mEvent Destroy (0.5ms)[0m  [1m[31mDELETE FROM "events" WHERE "events"."id" = $1[0m  [["id", 4]]
  [1m[35m (40.6ms)[0m  [1m[35mCOMMIT[0m
  [1m[35m (0.7ms)[0m  [1m[35mBEGIN[0m
  [1m[36mEvent Destroy (10.9ms)[0m  [1m[31mDELETE FROM "events" WHERE "events"."id" = $1[0m  [["id", 5]]
  [1m[35m (1.4ms)[0m  [1m[35mCOMMIT[0m
  [1m[35m (1.4ms)[0m  [1m[35mBEGIN[0m
  [1m[36mEvent Destroy (0.5ms)[0m  [1m[31mDELETE FROM "events" WHERE "events"."id" = $1[0m  [["id", 6]]
  [1m[35m (1.5ms)[0m  [1m[35mCOMMIT[0m
  [1m[36mDish Load (0.9ms)[0m  [1m[34mSELECT "dishes".* FROM "dishes"[0m
  [1m[35m (0.2ms)[0m  [1m[35mBEGIN[0m
  [1m[36mDish Destroy (0.6ms)[0m  [1m[31mDELETE FROM "dishes" WHERE "dishes"."id" = $1[0m  [["id", 7]]
  [1m[35m (1.2ms)[0m  [1m[35mCOMMIT[0m
  [1m[35m (0.2ms)[0m  [1m[35mBEGIN[0m
  [1m[36mDish Destroy (0.4ms)[0m  [1m[31mDELETE FROM "dishes" WHERE "dishes"."id" = $1[0m  [["id", 8]]
  [1m[35m (1.5ms)[0m  [1m[35mCOMMIT[0m
  [1m[35m (0.6ms)[0m  [1m[35mBEGIN[0m
  [1m[36mDish Destroy (0.5ms)[0m  [1m[31mDELETE FROM "dishes" WHERE "dishes"."id" = $1[0m  [["id", 9]]
  [1m[35m (1.4ms)[0m  [1m[35mCOMMIT[0m
  [1m[35m (0.2ms)[0m  [1m[35mBEGIN[0m
  [1m[36mDish Destroy (1.2ms)[0m  [1m[31mDELETE FROM "dishes" WHERE "dishes"."id" = $1[0m  [["id", 10]]
  [1m[35m (3.1ms)[0m  [1m[35mCOMMIT[0m
  [1m[35m (1.1ms)[0m  [1m[35mBEGIN[0m
  [1m[36mDish Destroy (0.5ms)[0m  [1m[31mDELETE FROM "dishes" WHERE "dishes"."id" = $1[0m  [["id", 11]]
  [1m[35m (1.2ms)[0m  [1m[35mCOMMIT[0m
  [1m[35m (0.2ms)[0m  [1m[35mBEGIN[0m
  [1m[36mDish Destroy (0.4ms)[0m  [1m[31mDELETE FROM "dishes" WHERE "dishes"."id" = $1[0m  [["id", 12]]
  [1m[35m (1.3ms)[0m  [1m[35mCOMMIT[0m
  [1m[35m (0.8ms)[0m  [1m[35mBEGIN[0m
  [1m[36mUser Create (0.8ms)[0m  [1m[32mINSERT INTO "users" ("name", "email", "password_digest", "about", "created_at", "updated_at") VALUES ($1, $2, $3, $4, $5, $6) RETURNING "id"[0m  [["name", "Lola"], ["email", "lola@mail.com"], ["password_digest", "pass"], ["about", "I am a human being"], ["created_at", "2020-06-03 19:59:46.364673"], ["updated_at", "2020-06-03 19:59:46.364673"]]
  [1m[35m (1.6ms)[0m  [1m[35mCOMMIT[0m
  [1m[35m (0.2ms)[0m  [1m[35mBEGIN[0m
  [1m[36mUser Create (0.5ms)[0m  [1m[32mINSERT INTO "users" ("name", "email", "password_digest", "about", "created_at", "updated_at") VALUES ($1, $2, $3, $4, $5, $6) RETURNING "id"[0m  [["name", "Mary"], ["email", "mary@mail.com"], ["password_digest", "pass"], ["about", "I am a human being"], ["created_at", "2020-06-03 19:59:46.372934"], ["updated_at", "2020-06-03 19:59:46.372934"]]
  [1m[35m (1.8ms)[0m  [1m[35mCOMMIT[0m
  [1m[35m (0.2ms)[0m  [1m[35mBEGIN[0m
  [1m[36mUser Create (0.5ms)[0m  [1m[32mINSERT INTO "users" ("name", "email", "password_digest", "about", "is_chef", "created_at", "updated_at") VALUES ($1, $2, $3, $4, $5, $6, $7) RETURNING "id"[0m  [["name", "Francois"], ["email", "fran@mail.com"], ["password_digest", "pass"], ["about", "I am a human being"], ["is_chef", true], ["created_at", "2020-06-03 19:59:46.378896"], ["updated_at", "2020-06-03 19:59:46.378896"]]
  [1m[35m (1.2ms)[0m  [1m[35mCOMMIT[0m
  [1m[35m (0.2ms)[0m  [1m[35mBEGIN[0m
  [1m[36mUser Create (0.9ms)[0m  [1m[32mINSERT INTO "users" ("name", "email", "password_digest", "about", "is_chef", "created_at", "updated_at") VALUES ($1, $2, $3, $4, $5, $6, $7) RETURNING "id"[0m  [["name", "Dave"], ["email", "dave@mail.com"], ["password_digest", "pass"], ["about", "I am a human being"], ["is_chef", true], ["created_at", "2020-06-03 19:59:46.385895"], ["updated_at", "2020-06-03 19:59:46.385895"]]
  [1m[35m (1.5ms)[0m  [1m[35mCOMMIT[0m
  [1m[35m (0.3ms)[0m  [1m[35mBEGIN[0m
  [1m[36mUser Create (0.5ms)[0m  [1m[32mINSERT INTO "users" ("name", "email", "password_digest", "about", "is_chef", "created_at", "updated_at") VALUES ($1, $2, $3, $4, $5, $6, $7) RETURNING "id"[0m  [["name", "Beza"], ["email", "beza@mail.com"], ["password_digest", "pass"], ["about", "I make a killer Kitfo"], ["is_chef", true], ["created_at", "2020-06-03 19:59:46.393529"], ["updated_at", "2020-06-03 19:59:46.393529"]]
  [1m[35m (1.3ms)[0m  [1m[35mCOMMIT[0m
  [1m[35m (0.2ms)[0m  [1m[35mBEGIN[0m
  [1m[36mUser Load (0.7ms)[0m  [1m[34mSELECT "users".* FROM "users" WHERE "users"."id" = $1 LIMIT $2[0m  [["id", 21], ["LIMIT", 1]]
  [1m[36mEvent Create (0.6ms)[0m  [1m[32mINSERT INTO "events" ("party_size", "date", "occasion", "chef_id", "customer_id", "created_at", "updated_at") VALUES ($1, $2, $3, $4, $5, $6, $7) RETURNING "id"[0m  [["party_size", 2], ["date", "2009-10-09"], ["occasion", "Anniversary"], ["chef_id", 23], ["customer_id", 21], ["created_at", "2020-06-03 19:59:46.407476"], ["updated_at", "2020-06-03 19:59:46.407476"]]
  [1m[35m (1.4ms)[0m  [1m[35mCOMMIT[0m
  [1m[35m (0.2ms)[0m  [1m[35mBEGIN[0m
  [1m[36mUser Load (0.4ms)[0m  [1m[34mSELECT "users".* FROM "users" WHERE "users"."id" = $1 LIMIT $2[0m  [["id", 22], ["LIMIT", 1]]
  [1m[36mEvent Create (2.1ms)[0m  [1m[32mINSERT INTO "events" ("party_size", "date", "occasion", "chef_id", "customer_id", "created_at", "updated_at") VALUES ($1, $2, $3, $4, $5, $6, $7) RETURNING "id"[0m  [["party_size", 4], ["date", "2009-10-20"], ["occasion", "Birthday"], ["chef_id", 23], ["customer_id", 22], ["created_at", "2020-06-03 19:59:46.415656"], ["updated_at", "2020-06-03 19:59:46.415656"]]
  [1m[35m (1.2ms)[0m  [1m[35mCOMMIT[0m
  [1m[35m (0.5ms)[0m  [1m[35mBEGIN[0m
  [1m[36mUser Load (0.3ms)[0m  [1m[34mSELECT "users".* FROM "users" WHERE "users"."id" = $1 LIMIT $2[0m  [["id", 21], ["LIMIT", 1]]
  [1m[36mEvent Create (0.5ms)[0m  [1m[32mINSERT INTO "events" ("party_size", "date", "occasion", "chef_id", "customer_id", "created_at", "updated_at") VALUES ($1, $2, $3, $4, $5, $6, $7) RETURNING "id"[0m  [["party_size", 3], ["date", "2009-11-19"], ["occasion", "Baptism"], ["chef_id", 24], ["customer_id", 21], ["created_at", "2020-06-03 19:59:46.427187"], ["updated_at", "2020-06-03 19:59:46.427187"]]
  [1m[35m (1.3ms)[0m  [1m[35mCOMMIT[0m
  [1m[35m (0.2ms)[0m  [1m[35mBEGIN[0m
  [1m[36mDish Create (0.5ms)[0m  [1m[32mINSERT INTO "dishes" ("name", "cuisine", "description", "chef_id", "created_at", "updated_at") VALUES ($1, $2, $3, $4, $5, $6) RETURNING "id"[0m  [["name", "Kitfo"], ["cuisine", "Etiopian"], ["description", "Delicious food so you can eat it and then eat some more."], ["chef_id", 24], ["created_at", "2020-06-03 19:59:46.432854"], ["updated_at", "2020-06-03 19:59:46.432854"]]
  [1m[35m (1.4ms)[0m  [1m[35mCOMMIT[0m
  [1m[35m (0.2ms)[0m  [1m[35mBEGIN[0m
  [1m[36mDish Create (0.5ms)[0m  [1m[32mINSERT INTO "dishes" ("name", "cuisine", "description", "chef_id", "created_at", "updated_at") VALUES ($1, $2, $3, $4, $5, $6) RETURNING "id"[0m  [["name", "Ravioli con Carne"], ["cuisine", "Italian"], ["description", "Delicious food so you can eat it and then eat some more."], ["chef_id", 25], ["created_at", "2020-06-03 19:59:46.439107"], ["updated_at", "2020-06-03 19:59:46.439107"]]
  [1m[35m (1.3ms)[0m  [1m[35mCOMMIT[0m
  [1m[35m (0.2ms)[0m  [1m[35mBEGIN[0m
  [1m[36mDish Create (0.6ms)[0m  [1m[32mINSERT INTO "dishes" ("name", "cuisine", "description", "chef_id", "created_at", "updated_at") VALUES ($1, $2, $3, $4, $5, $6) RETURNING "id"[0m  [["name", "Sushi"], ["cuisine", "Asian"], ["description", "Delicious food so you can eat it and then eat some more."], ["chef_id", 24], ["created_at", "2020-06-03 19:59:46.445385"], ["updated_at", "2020-06-03 19:59:46.445385"]]
  [1m[35m (1.4ms)[0m  [1m[35mCOMMIT[0m
  [1m[35m (0.2ms)[0m  [1m[35mBEGIN[0m
  [1m[36mDish Create (0.5ms)[0m  [1m[32mINSERT INTO "dishes" ("name", "cuisine", "description", "chef_id", "created_at", "updated_at") VALUES ($1, $2, $3, $4, $5, $6) RETURNING "id"[0m  [["name", "Arancini con Queso"], ["cuisine", "French"], ["description", "Delicious food so you can eat it and then eat some more."], ["chef_id", 23], ["created_at", "2020-06-03 19:59:46.452123"], ["updated_at", "2020-06-03 19:59:46.452123"]]
  [1m[35m (1.6ms)[0m  [1m[35mCOMMIT[0m
  [1m[35m (0.2ms)[0m  [1m[35mBEGIN[0m
  [1m[36mDish Create (0.4ms)[0m  [1m[32mINSERT INTO "dishes" ("name", "cuisine", "description", "chef_id", "created_at", "updated_at") VALUES ($1, $2, $3, $4, $5, $6) RETURNING "id"[0m  [["name", "Doro Wet"], ["cuisine", "African"], ["description", "Delicious food so you can eat it and then eat some more."], ["chef_id", 24], ["created_at", "2020-06-03 19:59:46.459302"], ["updated_at", "2020-06-03 19:59:46.459302"]]
  [1m[35m (1.2ms)[0m  [1m[35mCOMMIT[0m
  [1m[35m (0.2ms)[0m  [1m[35mBEGIN[0m
  [1m[36mDish Create (0.5ms)[0m  [1m[32mINSERT INTO "dishes" ("name", "cuisine", "description", "chef_id", "created_at", "updated_at") VALUES ($1, $2, $3, $4, $5, $6) RETURNING "id"[0m  [["name", "Greasy Hamburger"], ["cuisine", "American"], ["description", "Delicious food so you can eat it and then eat some more."], ["chef_id", 23], ["created_at", "2020-06-03 19:59:46.464803"], ["updated_at", "2020-06-03 19:59:46.464803"]]
  [1m[35m (1.4ms)[0m  [1m[35mCOMMIT[0m
  [1m[36mEvent Load (0.7ms)[0m  [1m[34mSELECT "events".* FROM "events" LIMIT $1[0m  [["LIMIT", 11]]
  [1m[36mEvent Load (1.1ms)[0m  [1m[34mSELECT "events".* FROM "events" ORDER BY "events"."id" ASC LIMIT $1[0m  [["LIMIT", 1]]
  [1m[36mEvent Load (0.6ms)[0m  [1m[34mSELECT "events".* FROM "events" ORDER BY "events"."id" ASC LIMIT $1[0m  [["LIMIT", 1]]
  [1m[36mDish Load (1.7ms)[0m  [1m[34mSELECT "dishes".* FROM "dishes" LIMIT $1[0m  [["LIMIT", 11]]
  [1m[36mDish Load (8.2ms)[0m  [1m[34mSELECT "dishes".* FROM "dishes" ORDER BY "dishes"."id" DESC LIMIT $1[0m  [["LIMIT", 1]]
